2025-11-27 16:31:10,458 [INFO] Activator:176 - 


2025-11-27 16:31:10,466 [INFO] Activator:177 - !SESSION log4j initialized
2025-11-27 16:31:18,135 [INFO] LogOutputStream:77 - [STDOUT_REDIRECT] 
2025-11-27 16:31:19,543 [ERROR] LogOutputStream:75 - [STDERR_REDIRECT] 
2025-11-27 16:31:23,722 [INFO] LogOutputStream:77 - [STDOUT_REDIRECT] 
2025-11-27 16:31:25,273 [INFO] ApplicationProperties:184 - Using Application install path: /Applications/STM32CubeIDE.app/Contents/Eclipse/plugins/com.st.stm32cube.common.mx_6.15.0.202507011659
2025-11-27 16:31:25,296 [INFO] DbMcusXml:78 - Set database path to: /Applications/STM32CubeIDE.app/Contents/Eclipse/plugins/com.st.stm32cube.common.mx_6.15.0.202507011659//db//mcu/
2025-11-27 16:31:25,296 [INFO] ApiDb:274 - Set plugin database path to: /Applications/STM32CubeIDE.app/Contents/Eclipse/plugins/com.st.stm32cube.common.mx_6.15.0.202507011659//db//plugins/boardmanager/
2025-11-27 16:31:25,298 [WARN] ApiDb:259 - Overriding images path with different value:  => /Applications/STM32CubeIDE.app/Contents/Eclipse/plugins/com.st.stm32cube.common.mx_6.15.0.202507011659//db//plugins/mcufinder/images/
2025-11-27 16:31:25,304 [INFO] ApiDb:250 - Set database path to: /Users/skorsh/.stmcufinder/plugins/mcufinder//mcu/
2025-11-27 16:31:25,305 [INFO] DbMcusAds:125 - Set database path to: /Users/skorsh/.stmcufinder/plugins/mcufinder//mcu/
2025-11-27 16:31:25,307 [INFO] CrossReferenceDbSqlite:203 - Set database path to: /Users/skorsh/.stmcufinder/plugins/mcufinder//mcu/cs/
2025-11-27 16:31:25,530 [INFO] RulesReader:64 - Compatibility file has been processed (317 Rules)
2025-11-27 16:31:25,614 [INFO] DbMcusXml:78 - Set database path to: /Applications/STM32CubeIDE.app/Contents/Eclipse/plugins/com.st.stm32cube.common.mx_6.15.0.202507011659//db//mcu/
2025-11-27 16:31:25,614 [INFO] ApiDb:274 - Set plugin database path to: /Applications/STM32CubeIDE.app/Contents/Eclipse/plugins/com.st.stm32cube.common.mx_6.15.0.202507011659//db//plugins/boardmanager/
2025-11-27 16:31:25,614 [INFO] ApiDb:261 - Set plugin images path to: /Applications/STM32CubeIDE.app/Contents/Eclipse/plugins/com.st.stm32cube.common.mx_6.15.0.202507011659//db//plugins/mcufinder/images/
2025-11-27 16:31:25,615 [WARN] DbFile:41 - Overriding database path with different value: /Users/skorsh/.stmcufinder/plugins/mcufinder/ => /Users/skorsh/.stmcufinder/plugins/mcufinder
2025-11-27 16:31:25,615 [INFO] ApiDb:250 - Set database path to: /Users/skorsh/.stmcufinder/plugins/mcufinder//mcu/
2025-11-27 16:31:25,615 [WARN] DbFile:41 - Overriding database path with different value: /Users/skorsh/.stmcufinder/plugins/mcufinder/ => /Users/skorsh/.stmcufinder/plugins/mcufinder
2025-11-27 16:31:25,615 [INFO] DbMcusAds:125 - Set database path to: /Users/skorsh/.stmcufinder/plugins/mcufinder//mcu/
2025-11-27 16:31:25,615 [WARN] DbFile:41 - Overriding database path with different value: /Users/skorsh/.stmcufinder/plugins/mcufinder/ => /Users/skorsh/.stmcufinder/plugins/mcufinder
2025-11-27 16:31:25,615 [WARN] DbFile:41 - Overriding database path with different value: /Users/skorsh/.stmcufinder/plugins/mcufinder/ => /Users/skorsh/.stmcufinder/plugins/mcufinder
2025-11-27 16:31:25,616 [INFO] CrossReferenceDbSqlite:203 - Set database path to: /Users/skorsh/.stmcufinder/plugins/mcufinder//mcu/cs/
2025-11-27 16:31:25,720 [INFO] MainPanel:274 - HeapMemory: 268435456
2025-11-27 16:31:26,167 [INFO] DbMcusXml:78 - Set database path to: /Applications/STM32CubeIDE.app/Contents/Eclipse/plugins/com.st.stm32cube.common.mx_6.15.0.202507011659//db//mcu/
2025-11-27 16:31:26,167 [INFO] ApiDb:274 - Set plugin database path to: /Applications/STM32CubeIDE.app/Contents/Eclipse/plugins/com.st.stm32cube.common.mx_6.15.0.202507011659//db//plugins/boardmanager/
2025-11-27 16:31:26,168 [INFO] ApiDb:261 - Set plugin images path to: /Applications/STM32CubeIDE.app/Contents/Eclipse/plugins/com.st.stm32cube.common.mx_6.15.0.202507011659//db//plugins/mcufinder/images/
2025-11-27 16:31:26,168 [WARN] DbFile:41 - Overriding database path with different value: /Users/skorsh/.stmcufinder/plugins/mcufinder/ => /Users/skorsh/.stmcufinder/plugins/mcufinder
2025-11-27 16:31:26,168 [INFO] ApiDb:250 - Set database path to: /Users/skorsh/.stmcufinder/plugins/mcufinder//mcu/
2025-11-27 16:31:26,168 [WARN] DbFile:41 - Overriding database path with different value: /Users/skorsh/.stmcufinder/plugins/mcufinder/ => /Users/skorsh/.stmcufinder/plugins/mcufinder
2025-11-27 16:31:26,168 [INFO] DbMcusAds:125 - Set database path to: /Users/skorsh/.stmcufinder/plugins/mcufinder//mcu/
2025-11-27 16:31:26,169 [WARN] DbFile:41 - Overriding database path with different value: /Users/skorsh/.stmcufinder/plugins/mcufinder/ => /Users/skorsh/.stmcufinder/plugins/mcufinder
2025-11-27 16:31:26,169 [WARN] DbFile:41 - Overriding database path with different value: /Users/skorsh/.stmcufinder/plugins/mcufinder/ => /Users/skorsh/.stmcufinder/plugins/mcufinder
2025-11-27 16:31:26,169 [INFO] CrossReferenceDbSqlite:203 - Set database path to: /Users/skorsh/.stmcufinder/plugins/mcufinder//mcu/cs/
2025-11-27 16:31:26,195 [INFO] ApplicationProperties:184 - Using Application install path: /Applications/STM32CubeIDE.app/Contents/Eclipse/plugins/com.st.stm32cube.common.mx_6.15.0.202507011659
2025-11-27 16:31:26,196 [INFO] PluginManage:196 - Search for loadable plugins [exclusion list=, ]
2025-11-27 16:31:26,199 [INFO] PluginManage:310 - Check plugin analytics
2025-11-27 16:31:26,518 [INFO] AnalyticsPlugin:253 - Accepted Software Licenses: 
2025-11-27 16:31:26,519 [INFO] AnalyticsPlugin:255 - Accepted CMSIS Pack Licenses: 
2025-11-27 16:31:26,519 [INFO] AnalyticsPlugin:257 - Accepted Firmware Licenses: 
2025-11-27 16:31:26,526 [INFO] PluginManage:359 - Loaded plugin analytics (category:tool,tabindex:-1)
2025-11-27 16:31:26,530 [INFO] PluginManage:310 - Check plugin cadmodel
2025-11-27 16:31:26,556 [INFO] CADModel:105 - Init CAD model plugin
2025-11-27 16:31:26,557 [INFO] PluginManage:359 - Loaded plugin cadmodel (category:power,tabindex:5)
2025-11-27 16:31:26,557 [INFO] PluginManage:310 - Check plugin clock
2025-11-27 16:31:26,576 [INFO] PluginManage:359 - Loaded plugin clock (category:base,tabindex:2)
2025-11-27 16:31:26,576 [INFO] PluginManage:310 - Check plugin ddr
2025-11-27 16:31:26,579 [INFO] PluginManage:359 - Loaded plugin ddr (category:tool,tabindex:6)
2025-11-27 16:31:26,579 [INFO] PluginManage:310 - Check plugin filemanager
2025-11-27 16:31:26,821 [INFO] PluginManage:359 - Loaded plugin filemanager (category:base,tabindex:10)
2025-11-27 16:31:26,822 [INFO] PluginManage:310 - Check plugin ipmanager
2025-11-27 16:31:26,831 [INFO] PluginManage:359 - Loaded plugin ipmanager (category:base,tabindex:5)
2025-11-27 16:31:26,832 [INFO] PluginManage:310 - Check plugin lpbam
2025-11-27 16:31:26,843 [INFO] PluginManage:359 - Loaded plugin lpbam (category:base,tabindex:0)
2025-11-27 16:31:26,843 [INFO] PluginManage:310 - Check plugin memorymap
2025-11-27 16:31:26,858 [INFO] PluginManage:359 - Loaded plugin memorymap (category:base,tabindex:4)
2025-11-27 16:31:26,859 [INFO] PluginManage:310 - Check plugin pinoutandconfiguration
2025-11-27 16:31:26,869 [INFO] PluginManage:359 - Loaded plugin pinoutandconfiguration (category:base,tabindex:1)
2025-11-27 16:31:26,869 [INFO] PluginManage:310 - Check plugin pinoutconfig
2025-11-27 16:31:27,036 [WARN] SupportedApi:132 - Cannot load RTOS API schema: s4s-elt-must-match.1: The content of 'definitions' must match (annotation?, (simpleType | complexType)?, (unique | key | keyref)*)). A problem was found starting at: attribute.
2025-11-27 16:31:27,298 [INFO] PluginManage:359 - Loaded plugin pinoutconfig (category:base,tabindex:0)
2025-11-27 16:31:27,300 [INFO] PluginManage:310 - Check plugin power
2025-11-27 16:31:27,319 [INFO] PluginManage:359 - Loaded plugin power (category:power,tabindex:4)
2025-11-27 16:31:27,319 [INFO] PluginManage:310 - Check plugin projectmanager
2025-11-27 16:31:27,357 [INFO] PluginManage:359 - Loaded plugin projectmanager (category:projectmanager,tabindex:4)
2025-11-27 16:31:27,358 [INFO] PluginManage:310 - Check plugin rif
2025-11-27 16:31:27,370 [INFO] PluginManage:359 - Loaded plugin rif (category:base,tabindex:3)
2025-11-27 16:31:27,370 [INFO] PluginManage:310 - Check plugin thirdparty
2025-11-27 16:31:27,641 [INFO] PluginManage:359 - Loaded plugin thirdparty (category:base,tabindex:-1)
2025-11-27 16:31:27,642 [INFO] PluginManage:310 - Check plugin tools
2025-11-27 16:31:27,641 [WARN] IntegrityCheckThread:84 - waiting for thirdparty lock release [integrity check]
2025-11-27 16:31:27,647 [INFO] IntegrityCheckThread:86 - entering critical section [integrity check]
2025-11-27 16:31:27,648 [INFO] ThirdPartyUpdaterWithRetryManager:70 - Updater plugin not ready yet. [1/15]
2025-11-27 16:31:27,652 [INFO] PluginManage:359 - Loaded plugin tools (category:base,tabindex:7)
2025-11-27 16:31:27,652 [INFO] PluginManage:310 - Check plugin tutovideos
2025-11-27 16:31:27,936 [INFO] PluginManage:359 - Loaded plugin tutovideos (category:base,tabindex:-1)
2025-11-27 16:31:27,937 [INFO] PluginManage:310 - Check plugin updater
2025-11-27 16:31:27,980 [INFO] PluginManage:359 - Loaded plugin updater (category:base,tabindex:12)
2025-11-27 16:31:27,980 [INFO] PluginManage:310 - Check plugin userauth
2025-11-27 16:31:27,986 [INFO] UserAuth:118 - Init User Auth plugin
2025-11-27 16:31:27,987 [INFO] PluginManage:359 - Loaded plugin userauth (category:base,tabindex:14)
2025-11-27 16:31:27,990 [INFO] PluginManage:283 - PluginManage : Loaded plugins [18]
2025-11-27 16:31:28,345 [INFO] PinOutPanel:1589 - setPackage(No Configuration,No Configuration)
2025-11-27 16:31:28,461 [INFO] CADModel:165 - CPN selected for project level
2025-11-27 16:31:28,461 [INFO] CADModel:114 - Register for checkConnection events
2025-11-27 16:31:28,477 [INFO] IPUIPlugin:80 - create IPUIPlugin
2025-11-27 16:31:28,478 [INFO] PluginManager:220 - loadIPPluginJar : add mdma
2025-11-27 16:31:28,486 [INFO] IPUIPlugin:80 - create IPUIPlugin
2025-11-27 16:31:28,486 [INFO] PluginManager:220 - loadIPPluginJar : add freertos
2025-11-27 16:31:28,493 [INFO] IPUIPlugin:80 - create IPUIPlugin
2025-11-27 16:31:28,493 [INFO] PluginManager:220 - loadIPPluginJar : add gic
2025-11-27 16:31:28,507 [INFO] IPUIPlugin:80 - create IPUIPlugin
2025-11-27 16:31:28,507 [INFO] PluginManager:220 - loadIPPluginJar : add adc
2025-11-27 16:31:28,510 [INFO] IPUIPlugin:80 - create IPUIPlugin
2025-11-27 16:31:28,510 [INFO] PluginManager:220 - loadIPPluginJar : add gtzc
2025-11-27 16:31:28,511 [INFO] IPUIPlugin:80 - create IPUIPlugin
2025-11-27 16:31:28,511 [INFO] PluginManager:220 - loadIPPluginJar : add quadspi
2025-11-27 16:31:28,512 [INFO] IPUIPlugin:80 - create IPUIPlugin
2025-11-27 16:31:28,513 [INFO] PluginManager:220 - loadIPPluginJar : add aes
2025-11-27 16:31:28,515 [INFO] IPUIPlugin:80 - create IPUIPlugin
2025-11-27 16:31:28,515 [INFO] PluginManager:220 - loadIPPluginJar : add pdm2pcm
2025-11-27 16:31:28,516 [INFO] IPUIPlugin:80 - create IPUIPlugin
2025-11-27 16:31:28,516 [INFO] PluginManager:220 - loadIPPluginJar : add hash
2025-11-27 16:31:28,517 [INFO] IPUIPlugin:80 - create IPUIPlugin
2025-11-27 16:31:28,517 [INFO] PluginManager:220 - loadIPPluginJar : add tim
2025-11-27 16:31:28,519 [INFO] IPUIPlugin:80 - create IPUIPlugin
2025-11-27 16:31:28,519 [INFO] PluginManager:220 - loadIPPluginJar : add tsc
2025-11-27 16:31:28,521 [INFO] IPUIPlugin:80 - create IPUIPlugin
2025-11-27 16:31:28,521 [INFO] PluginManager:220 - loadIPPluginJar : add extmemmanager
2025-11-27 16:31:28,524 [INFO] IPUIPlugin:80 - create IPUIPlugin
2025-11-27 16:31:28,524 [INFO] PluginManager:220 - loadIPPluginJar : add ts
2025-11-27 16:31:28,525 [INFO] IPUIPlugin:80 - create IPUIPlugin
2025-11-27 16:31:28,526 [INFO] PluginManager:220 - loadIPPluginJar : add radio
2025-11-27 16:31:28,528 [INFO] IPUIPlugin:80 - create IPUIPlugin
2025-11-27 16:31:28,528 [INFO] PluginManager:220 - loadIPPluginJar : add can
2025-11-27 16:31:28,530 [INFO] IPUIPlugin:80 - create IPUIPlugin
2025-11-27 16:31:28,530 [INFO] PluginManager:220 - loadIPPluginJar : add dma3
2025-11-27 16:31:28,532 [INFO] IPUIPlugin:80 - create IPUIPlugin
2025-11-27 16:31:28,532 [INFO] PluginManager:220 - loadIPPluginJar : add dfsdm
2025-11-27 16:31:28,534 [INFO] IPUIPlugin:80 - create IPUIPlugin
2025-11-27 16:31:28,534 [INFO] PluginManager:220 - loadIPPluginJar : add spi
2025-11-27 16:31:28,536 [INFO] IPUIPlugin:80 - create IPUIPlugin
2025-11-27 16:31:28,536 [INFO] PluginManager:220 - loadIPPluginJar : add gfxmmu
2025-11-27 16:31:28,538 [INFO] IPUIPlugin:80 - create IPUIPlugin
2025-11-27 16:31:28,538 [INFO] PluginManager:220 - loadIPPluginJar : add genericplugin
2025-11-27 16:31:28,540 [INFO] IPUIPlugin:80 - create IPUIPlugin
2025-11-27 16:31:28,540 [INFO] PluginManager:220 - loadIPPluginJar : add cryp
2025-11-27 16:31:28,545 [INFO] IPUIPlugin:80 - create IPUIPlugin
2025-11-27 16:31:28,546 [INFO] PluginManager:220 - loadIPPluginJar : add gpio
2025-11-27 16:31:28,549 [INFO] IPUIPlugin:80 - create IPUIPlugin
2025-11-27 16:31:28,549 [INFO] PluginManager:220 - loadIPPluginJar : add ddr_ctrl_phy
2025-11-27 16:31:28,551 [INFO] IPUIPlugin:80 - create IPUIPlugin
2025-11-27 16:31:28,551 [INFO] PluginManager:220 - loadIPPluginJar : add comp
2025-11-27 16:31:28,554 [INFO] IPUIPlugin:80 - create IPUIPlugin
2025-11-27 16:31:28,555 [INFO] PluginManager:220 - loadIPPluginJar : add tracer_emb
2025-11-27 16:31:28,558 [INFO] IPUIPlugin:80 - create IPUIPlugin
2025-11-27 16:31:28,558 [INFO] PluginManager:220 - loadIPPluginJar : add openamp
2025-11-27 16:31:28,563 [INFO] IPUIPlugin:80 - create IPUIPlugin
2025-11-27 16:31:28,563 [INFO] PluginManager:220 - loadIPPluginJar : add stm32_wpan
2025-11-27 16:31:28,569 [INFO] IPUIPlugin:80 - create IPUIPlugin
2025-11-27 16:31:28,573 [INFO] PluginManager:220 - loadIPPluginJar : add plateformsettings
2025-11-27 16:31:28,578 [INFO] IPUIPlugin:80 - create IPUIPlugin
2025-11-27 16:31:28,578 [INFO] PluginManager:220 - loadIPPluginJar : add ipddr
2025-11-27 16:31:28,581 [INFO] IPUIPlugin:80 - create IPUIPlugin
2025-11-27 16:31:28,581 [INFO] PluginManager:220 - loadIPPluginJar : add usart
2025-11-27 16:31:28,582 [INFO] IPUIPlugin:80 - create IPUIPlugin
2025-11-27 16:31:28,582 [INFO] PluginManager:220 - loadIPPluginJar : add ltdc
2025-11-27 16:31:28,586 [INFO] IPUIPlugin:80 - create IPUIPlugin
2025-11-27 16:31:28,586 [INFO] PluginManager:220 - loadIPPluginJar : add nvic
2025-11-27 16:31:28,587 [INFO] IPUIPlugin:80 - create IPUIPlugin
2025-11-27 16:31:28,587 [INFO] PluginManager:220 - loadIPPluginJar : add fatfs
2025-11-27 16:31:28,594 [INFO] IPUIPlugin:80 - create IPUIPlugin
2025-11-27 16:31:28,595 [INFO] PluginManager:220 - loadIPPluginJar : add linkedlist
2025-11-27 16:31:28,601 [INFO] IPUIPlugin:80 - create IPUIPlugin
2025-11-27 16:31:28,601 [INFO] PluginManager:220 - loadIPPluginJar : add dma
2025-11-27 16:31:28,605 [INFO] IPUIPlugin:80 - create IPUIPlugin
2025-11-27 16:31:28,605 [INFO] PluginManager:220 - loadIPPluginJar : add fmc
2025-11-27 16:31:28,607 [INFO] IPUIPlugin:80 - create IPUIPlugin
2025-11-27 16:31:28,607 [INFO] PluginManager:220 - loadIPPluginJar : add i2s
2025-11-27 16:31:28,609 [INFO] IPUIPlugin:80 - create IPUIPlugin
2025-11-27 16:31:28,609 [INFO] PluginManager:220 - loadIPPluginJar : add ucpd
2025-11-27 16:31:28,611 [INFO] IPUIPlugin:80 - create IPUIPlugin
2025-11-27 16:31:28,611 [INFO] PluginManager:220 - loadIPPluginJar : add lorawan
2025-11-27 16:31:28,613 [INFO] IPUIPlugin:80 - create IPUIPlugin
2025-11-27 16:31:28,613 [INFO] PluginManager:220 - loadIPPluginJar : add opamp
2025-11-27 16:31:28,615 [INFO] IPUIPlugin:80 - create IPUIPlugin
2025-11-27 16:31:28,615 [INFO] PluginManager:220 - loadIPPluginJar : add i3c
2025-11-27 16:31:28,618 [INFO] IPUIPlugin:80 - create IPUIPlugin
2025-11-27 16:31:28,618 [INFO] PluginManager:220 - loadIPPluginJar : add touchsensing
2025-11-27 16:31:28,621 [INFO] IPUIPlugin:80 - create IPUIPlugin
2025-11-27 16:31:28,622 [INFO] PluginManager:220 - loadIPPluginJar : add i2c
2025-11-27 16:31:28,625 [INFO] IPUIPlugin:80 - create IPUIPlugin
2025-11-27 16:31:28,626 [INFO] PluginManager:220 - loadIPPluginJar : add resmgrutility
2025-11-27 16:31:28,629 [INFO] IPUIPlugin:80 - create IPUIPlugin
2025-11-27 16:31:28,629 [INFO] PluginManager:220 - loadIPPluginJar : add sai
2025-11-27 16:31:28,634 [INFO] IPUIPlugin:80 - create IPUIPlugin
2025-11-27 16:31:28,634 [INFO] PluginManager:220 - loadIPPluginJar : add usbx
2025-11-27 16:31:28,779 [FATAL] Updater:351 - Updater called before beeing initialized
2025-11-27 16:31:28,864 [INFO] RulesReader:64 - Compatibility file has been processed (317 Rules)
2025-11-27 16:31:28,889 [INFO] RulesReader:64 - Compatibility file has been processed (317 Rules)
2025-11-27 16:31:28,904 [INFO] CADModel:165 - CPN selected for project level
2025-11-27 16:31:28,904 [INFO] CADModel:114 - Register for checkConnection events
2025-11-27 16:31:28,904 [FATAL] Updater:351 - Updater called before beeing initialized
2025-11-27 16:31:28,904 [ERROR] CADModel:125 - Updater not yet initialized, retry later 
2025-11-27 16:31:29,239 [FATAL] Updater:351 - Updater called before beeing initialized
2025-11-27 16:31:29,242 [INFO] CADModel:165 - CPN selected for project level
2025-11-27 16:31:29,242 [INFO] CADModel:114 - Register for checkConnection events
2025-11-27 16:31:29,242 [FATAL] Updater:351 - Updater called before beeing initialized
2025-11-27 16:31:29,242 [ERROR] CADModel:125 - Updater not yet initialized, retry later 
2025-11-27 16:31:29,249 [FATAL] Updater:351 - Updater called before beeing initialized
2025-11-27 16:31:29,525 [FATAL] Updater:351 - Updater called before beeing initialized
2025-11-27 16:31:29,532 [INFO] DbMcusAds:53 - JSON generation date=Thu Oct 02 11:36:05 CEST 2025 (1759397765645)
2025-11-27 16:31:29,534 [FATAL] Updater:351 - Updater called before beeing initialized
2025-11-27 16:31:29,611 [WARN] DetailPanel:346 - Failed to get advertising image, set to default
2025-11-27 16:31:29,720 [FATAL] Updater:351 - Updater called before beeing initialized
2025-11-27 16:31:29,724 [FATAL] Updater:351 - Updater called before beeing initialized
2025-11-27 16:31:29,725 [FATAL] Updater:351 - Updater called before beeing initialized
2025-11-27 16:31:29,725 [WARN] DetailPanel:346 - Failed to get advertising image, set to default
2025-11-27 16:31:29,728 [FATAL] Updater:351 - Updater called before beeing initialized
2025-11-27 16:31:29,822 [ERROR] Updater:1198 - MainUpdater not yet initialized. External WinMGr cannot be set.
2025-11-27 16:31:29,827 [INFO] Updater:1134 - Updater Version found : 6.15.0
2025-11-27 16:31:29,849 [INFO] ApplicationProperties:184 - Using Application install path: /Applications/STM32CubeIDE.app/Contents/Eclipse/plugins/com.st.stm32cube.common.mx_6.15.0.202507011659
2025-11-27 16:31:30,278 [INFO] MainUpdater:2872 - connection check result : 10
2025-11-27 16:31:30,280 [INFO] MainUpdater:289 - Updater Check For Update Now.
2025-11-27 16:31:30,280 [INFO] MicroXplorer:498 - Change Database Version : DB.6.0.150
2025-11-27 16:31:30,290 [INFO] McuFinderGlobals:63 - Set McuFinder mode to 2 (CubeIDE integrated)
2025-11-27 16:31:30,290 [INFO] UserAuth:171 - activating auth plugin
2025-11-27 16:31:30,305 [INFO] UserAuth:487 - Internet connection configuration mode: 1
2025-11-27 16:31:30,325 [INFO] JxBrowserEngine:152 - Initiate JxBrowser Engine with user profile folder
2025-11-27 16:31:30,656 [WARN] MainUpdater:1193 - Updater busy. Cannot search thirdparties
2025-11-27 16:31:30,657 [INFO] ThirdPartyUpdaterWithRetryManager:96 - Updater plugin is busy. [1/15]
2025-11-27 16:31:30,684 [INFO] CheckServerUpdateThread:120 - End of CheckServer Thread
2025-11-27 16:31:33,954 [WARN] PackLoader:240 - Cannot read IP mode file for STMicroelectronics.FP-SNS-MOTENVWB1.1.4.0
2025-11-27 16:31:33,994 [WARN] PackLoader:240 - Cannot read IP mode file for STMicroelectronics.FP-ATR-ASTRA1.2.0.2
2025-11-27 16:31:34,023 [WARN] PackLoader:240 - Cannot read IP mode file for STMicroelectronics.X-CUBE-SMBUS.2.1.0
2025-11-27 16:31:34,034 [WARN] PackLoader:240 - Cannot read IP mode file for STMicroelectronics.X-CUBE-ST60.1.0.0
2025-11-27 16:31:34,097 [WARN] PackLoader:240 - Cannot read IP mode file for STMicroelectronics.X-CUBE-AZRTOS-F7.1.1.0
2025-11-27 16:31:34,122 [WARN] PackLoader:240 - Cannot read IP mode file for Cesanta.I-CUBE-Mongoose.7.19.0
2025-11-27 16:31:34,133 [WARN] PackLoader:240 - Cannot read IP mode file for STMicroelectronics.FP-SNS-MOTENV1.5.1.0
2025-11-27 16:31:34,157 [WARN] PackLoader:240 - Cannot read IP mode file for WES.I-CUBE-Cesium.1.4.0
2025-11-27 16:31:34,214 [WARN] PackLoader:240 - Cannot read IP mode file for Infineon.AIROC-Wi-Fi-Bluetooth-STM32.1.7.1
2025-11-27 16:31:34,297 [WARN] PackLoader:240 - Cannot read IP mode file for STMicroelectronics.X-CUBE-AZRTOS-H7.3.4.0
2025-11-27 16:31:34,327 [WARN] PackLoader:240 - Cannot read IP mode file for STMicroelectronics.X-CUBE-DISPLAY.3.0.0
2025-11-27 16:31:34,360 [WARN] PackLoader:240 - Cannot read IP mode file for STMicroelectronics.X-CUBE-NFC10.1.0.0
2025-11-27 16:31:34,378 [WARN] PackLoader:240 - Cannot read IP mode file for STMicroelectronics.X-CUBE-ST60.1.1.0
2025-11-27 16:31:34,389 [WARN] PackLoader:240 - Cannot read IP mode file for emotas.I-CUBE-CANOPEN.1.3.0
2025-11-27 16:31:34,403 [WARN] PackLoader:240 - Cannot read IP mode file for STMicroelectronics.X-CUBE-GNSS1.7.1.0
2025-11-27 16:31:34,423 [WARN] PackLoader:240 - Cannot read IP mode file for STMicroelectronics.FP-SNS-STBOX1.2.1.0
2025-11-27 16:31:34,440 [WARN] PackLoader:240 - Cannot read IP mode file for STMicroelectronics.FP-SNS-SMARTAG2.1.2.0
2025-11-27 16:31:34,460 [WARN] PackLoader:240 - Cannot read IP mode file for STMicroelectronics.FP-SNS-FLIGHT1.5.1.0
2025-11-27 16:31:34,496 [INFO] LogOutputStream:77 - [STDOUT_REDIRECT] 1 : Invalid condition id : UX_CORESTACK_Condition cause : null
2025-11-27 16:31:34,500 [INFO] LogOutputStream:77 - [STDOUT_REDIRECT] 1 : Invalid condition id : UX_CORESTACK_Condition cause : null
2025-11-27 16:31:34,501 [INFO] LogOutputStream:77 - [STDOUT_REDIRECT] 1 : Invalid condition id : UX_CORESTACK_Condition cause : null
2025-11-27 16:31:34,502 [INFO] LogOutputStream:77 - [STDOUT_REDIRECT] 1 : Invalid condition id : UX_CORESTACK_Condition cause : null
2025-11-27 16:31:34,503 [INFO] LogOutputStream:77 - [STDOUT_REDIRECT] 1 : Invalid condition id : UX_CORESTACK_Condition cause : null
2025-11-27 16:31:34,521 [WARN] PackLoader:240 - Cannot read IP mode file for STMicroelectronics.X-CUBE-AZRTOS-WL.2.0.0
2025-11-27 16:31:34,574 [WARN] PackLoader:240 - Cannot read IP mode file for STMicroelectronics.FP-SNS-MOTENV1.5.0.0
2025-11-27 16:31:34,714 [WARN] PackLoader:240 - Cannot read IP mode file for STMicroelectronics.X-CUBE-AZRTOS-H7RS.1.2.0
2025-11-27 16:31:35,716 [WARN] PackLoader:240 - Cannot read IP mode file for STMicroelectronics.X-CUBE-BLE2.3.3.0
2025-11-27 16:31:35,926 [INFO] WebApp:169 - Instantiating new browser for Auth
2025-11-27 16:31:35,939 [WARN] PackLoader:240 - Cannot read IP mode file for STMicroelectronics.X-CUBE-NFC9.1.0.0
2025-11-27 16:31:35,971 [WARN] PackLoader:240 - Cannot read IP mode file for wolfSSL.I-CUBE-wolfSSL.5.8.2
2025-11-27 16:31:36,005 [WARN] PackLoader:240 - Cannot read IP mode file for STMicroelectronics.X-CUBE-BLE1.7.1.0
2025-11-27 16:31:36,027 [WARN] PackLoader:240 - Cannot read IP mode file for wolfSSL.I-CUBE-wolfMQTT.1.19.2
2025-11-27 16:31:36,057 [WARN] PackLoader:240 - Cannot read IP mode file for STMicroelectronics.X-CUBE-FREERTOS.1.4.0
2025-11-27 16:31:36,077 [WARN] PackLoader:240 - Cannot read IP mode file for STMicroelectronics.X-CUBE-EEPRMA1.5.2.0
2025-11-27 16:31:36,101 [WARN] PackLoader:240 - Cannot read IP mode file for STMicroelectronics.X-CUBE-ST67W61.1.1.0
2025-11-27 16:31:36,272 [WARN] PackLoader:240 - Cannot read IP mode file for STMicroelectronics.X-CUBE-MEMS1.12.0.0
2025-11-27 16:31:36,585 [WARN] PackLoader:240 - Cannot read IP mode file for STMicroelectronics.X-CUBE-AZRTOS-G0.1.1.0
2025-11-27 16:31:36,627 [WARN] PackLoader:240 - Cannot read IP mode file for STMicroelectronics.X-CUBE-SAFEA1.1.2.2
2025-11-27 16:31:36,649 [WARN] PackLoader:240 - Cannot read IP mode file for STMicroelectronics.X-CUBE-NFC4.3.0.0
2025-11-27 16:31:36,685 [WARN] PackLoader:240 - Cannot read IP mode file for EmbeddedOffice.I-CUBE-FS-RTOS.1.0.1
2025-11-27 16:31:36,731 [WARN] PackLoader:240 - Cannot read IP mode file for STMicroelectronics.X-CUBE-WB05N.2.0.0
2025-11-27 16:31:36,755 [WARN] PackLoader:240 - Cannot read IP mode file for wolfSSL.I-CUBE-wolfTPM.3.8.0
2025-11-27 16:31:36,766 [WARN] PackLoader:240 - Cannot read IP mode file for STMicroelectronics.X-CUBE-TCPP.4.2.0
2025-11-27 16:31:36,778 [WARN] PackLoader:240 - Cannot read IP mode file for RealThread.X-CUBE-RT-Thread_Nano.4.1.1
2025-11-27 16:31:36,791 [WARN] PackLoader:240 - Cannot read IP mode file for STMicroelectronics.FP-ATR-SIGFOX1.3.2.0
2025-11-27 16:31:36,803 [WARN] PackLoader:240 - Cannot read IP mode file for ITTIA_DB.I-CUBE-ITTIADB.8.9.0
2025-11-27 16:31:36,828 [WARN] PackLoader:240 - Cannot read IP mode file for STMicroelectronics.X-CUBE-ST67W61.1.0.0
2025-11-27 16:31:36,842 [WARN] PackLoader:240 - Cannot read IP mode file for STMicroelectronics.X-CUBE-AI.10.2.0
2025-11-27 16:31:36,953 [WARN] PackLoader:240 - Cannot read IP mode file for SEGGER.I-CUBE-embOS.1.3.1
2025-11-27 16:31:37,046 [WARN] PackLoader:240 - Cannot read IP mode file for STMicroelectronics.X-CUBE-ALGOBUILD.1.4.0
2025-11-27 16:31:37,359 [WARN] PackLoader:240 - Cannot read IP mode file for STMicroelectronics.X-CUBE-MEMS1.11.3.0
2025-11-27 16:31:38,146 [WARN] PackLoader:240 - Cannot read IP mode file for STMicroelectronics.X-CUBE-PM33A1.1.0.0
2025-11-27 16:31:38,268 [WARN] PackLoader:240 - Cannot read IP mode file for STMicroelectronics.X-CUBE-AZRTOS-F4.1.1.0
2025-11-27 16:31:38,324 [WARN] PackLoader:240 - Cannot read IP mode file for STMicroelectronics.X-CUBE-ISPU.2.1.0
2025-11-27 16:31:38,379 [WARN] PackLoader:240 - Cannot read IP mode file for STMicroelectronics.X-CUBE-IPS.3.2.0
2025-11-27 16:31:38,411 [WARN] PackLoader:240 - Cannot read IP mode file for STMicroelectronics.X-CUBE-NFC12.1.0.0
2025-11-27 16:31:38,458 [WARN] PackLoader:240 - Cannot read IP mode file for STMicroelectronics.X-CUBE-AZRTOS-L5.2.0.0
2025-11-27 16:31:38,489 [WARN] PackLoader:240 - Cannot read IP mode file for STMicroelectronics.X-CUBE-NFC6.3.1.0
2025-11-27 16:31:38,509 [WARN] PackLoader:240 - Cannot read IP mode file for STMicroelectronics.X-CUBE-FREERTOS.1.3.1
2025-11-27 16:31:38,549 [WARN] PackLoader:240 - Cannot read IP mode file for STMicroelectronics.X-CUBE-TOUCHGFX.4.26.0
2025-11-27 16:31:38,573 [WARN] PackLoader:240 - Cannot read IP mode file for STMicroelectronics.FP-SNS-STAIOTCFT.1.0.0
2025-11-27 16:31:38,606 [WARN] PackLoader:240 - Cannot read IP mode file for STMicroelectronics.X-CUBE-DPower.1.3.0
2025-11-27 16:31:38,658 [WARN] ConditionMgr:438 - getConditionDescription Invalid condition id : LAN8742 Phy interface Condition cause : null
2025-11-27 16:31:38,662 [WARN] PackLoader:240 - Cannot read IP mode file for STMicroelectronics.X-CUBE-AZRTOS-L4.2.0.0
2025-11-27 16:31:38,674 [WARN] ConditionMgr:1044 - genDependencies : Invalid condition id : LAN8742 Phy interface Condition cause : null
2025-11-27 16:31:38,677 [WARN] ConditionMgr:1044 - genDependencies : Invalid condition id : LAN8742 Phy interface Condition cause : null
2025-11-27 16:31:38,682 [WARN] ConditionMgr:1044 - genDependencies : Invalid condition id : LAN8742 Phy interface Condition cause : null
2025-11-27 16:31:38,717 [WARN] PackLoader:240 - Cannot read IP mode file for STMicroelectronics.X-CUBE-SFXS2LP1.4.0.0
2025-11-27 16:31:38,767 [WARN] PackLoader:240 - Cannot read IP mode file for STMicroelectronics.X-CUBE-BLEMGR.4.1.0
2025-11-27 16:31:38,816 [WARN] ConditionMgr:438 - getConditionDescription Invalid condition id : UX DEVICE CLASS RTOS Condition cause : null
2025-11-27 16:31:38,817 [WARN] ConditionMgr:438 - getConditionDescription Invalid condition id : UX DEVICE CLASS RTOS Condition cause : null
2025-11-27 16:31:38,840 [WARN] PackLoader:240 - Cannot read IP mode file for STMicroelectronics.X-CUBE-AZRTOS-WB.2.0.0
2025-11-27 16:31:38,844 [WARN] ConditionMgr:1044 - genDependencies : Invalid condition id : UX DEVICE CLASS RTOS Condition cause : null
2025-11-27 16:31:38,844 [WARN] ConditionMgr:1044 - genDependencies : Invalid condition id : UX DEVICE CLASS RTOS Condition cause : null
2025-11-27 16:31:38,846 [WARN] ConditionMgr:1044 - genDependencies : Invalid condition id : UX DEVICE CLASS RTOS Condition cause : null
2025-11-27 16:31:38,847 [WARN] ConditionMgr:1044 - genDependencies : Invalid condition id : UX DEVICE CLASS RTOS Condition cause : null
2025-11-27 16:31:38,847 [WARN] ConditionMgr:1044 - genDependencies : Invalid condition id : UX DEVICE CLASS RTOS Condition cause : null
2025-11-27 16:31:38,880 [WARN] PackLoader:240 - Cannot read IP mode file for STMicroelectronics.X-CUBE-GNSS1.7.0.1
2025-11-27 16:31:38,902 [WARN] PackLoader:240 - Cannot read IP mode file for STMicroelectronics.X-CUBE-TOUCHGFX.4.25.0
2025-11-27 16:31:38,911 [WARN] ConditionMgr:438 - getConditionDescription Invalid condition id : Cortex-A Device cause : null
2025-11-27 16:31:38,959 [WARN] ConditionMgr:1044 - genDependencies : Invalid condition id : Cortex-A Device cause : null
2025-11-27 16:31:38,959 [WARN] ConditionMgr:1044 - genDependencies : Invalid condition id : Cortex-A Device cause : null
2025-11-27 16:31:38,959 [WARN] ConditionMgr:1044 - genDependencies : Invalid condition id : Cortex-A Device cause : null
2025-11-27 16:31:38,981 [WARN] PackLoader:240 - Cannot read IP mode file for STMicroelectronics.X-CUBE-SUBG2.5.0.0
2025-11-27 16:31:39,031 [WARN] PackLoader:240 - Cannot read IP mode file for STMicroelectronics.X-CUBE-AZRTOS-H7RS.1.1.0
2025-11-27 16:31:39,063 [INFO] WebApp:463 - Apply proxy settings
2025-11-27 16:31:39,081 [WARN] PackLoader:240 - Cannot read IP mode file for STMicroelectronics.X-CUBE-AZRTOS-G4.2.0.0
2025-11-27 16:31:39,087 [INFO] WebApp:508 - Chromium authenticates against Manually configured proxy
2025-11-27 16:31:39,093 [WARN] PackLoader:240 - Cannot read IP mode file for wolfSSL.I-CUBE-wolfSSH.1.4.20
2025-11-27 16:31:39,103 [WARN] PackLoader:240 - Cannot read IP mode file for STMicroelectronics.X-CUBE-NFC7.2.0.0
2025-11-27 16:31:39,132 [WARN] PackLoader:240 - Cannot read IP mode file for STMicroelectronics.X-CUBE-IPS.3.1.0
2025-11-27 16:31:39,152 [WARN] PackLoader:240 - Cannot read IP mode file for STMicroelectronics.X-CUBE-ALS.1.0.2
2025-11-27 16:31:39,174 [WARN] PackLoader:240 - Cannot read IP mode file for STMicroelectronics.X-CUBE-STSE01.1.0.0
2025-11-27 16:31:39,192 [INFO] WebApp:516 - Username used for proxy authentication: 
2025-11-27 16:31:39,217 [WARN] PackLoader:240 - Cannot read IP mode file for STMicroelectronics.X-CUBE-TOF1.3.4.3
2025-11-27 16:31:39,249 [INFO] ThirdParty:978 - Integrity check success = true
2025-11-27 16:31:39,250 [INFO] IntegrityCheckThread:100 - exiting critical section [integrity check]
2025-11-27 16:31:39,250 [INFO] IntegrityCheckThread:103 - End integrity checks thread
2025-11-27 16:31:39,276 [INFO] WebApp:900 - Register for checkConnection events
2025-11-27 16:31:39,277 [INFO] WebApp:463 - Apply proxy settings
2025-11-27 16:31:39,282 [INFO] WebApp:508 - Chromium authenticates against Manually configured proxy
2025-11-27 16:31:39,283 [INFO] WebApp:516 - Username used for proxy authentication: 
2025-11-27 16:31:39,593 [INFO] WebApp:225 - Starting web application
2025-11-27 16:31:39,594 [INFO] WebApp:593 - Web application path used /Applications/STM32CubeIDE.app/Contents/Eclipse/plugins/com.st.stm32cube.common.mx_6.15.0.202507011659/db/plugins/mcufinder/reactClient1/index.html
2025-11-27 16:31:40,203 [INFO] WebApp:191 - Connection restablished
2025-11-27 16:49:40,104 [INFO] WebApp:194 - Connection lost
2025-11-27 16:49:47,361 [INFO] WebApp:191 - Connection restablished
2025-11-27 16:56:55,882 [INFO] WebApp:194 - Connection lost
2025-11-27 17:25:00,345 [INFO] WebApp:191 - Connection restablished
2025-11-27 17:25:49,650 [INFO] WebApp:194 - Connection lost
2025-11-27 17:26:02,347 [INFO] WebApp:191 - Connection restablished
