2025-11-21 21:12:35,742 [INFO] Activator:176 - 


2025-11-21 21:12:35,745 [INFO] Activator:177 - !SESSION log4j initialized
2025-11-21 21:12:38,428 [ERROR] LogOutputStream:75 - [STDERR_REDIRECT] 
2025-11-21 21:12:41,595 [INFO] LogOutputStream:77 - [STDOUT_REDIRECT] 
2025-11-21 21:12:46,487 [INFO] ApplicationProperties:184 - Using Application install path: /Applications/STM32CubeIDE.app/Contents/Eclipse/plugins/com.st.stm32cube.common.mx_6.15.0.202507011659
2025-11-21 21:12:46,509 [INFO] DbMcusXml:78 - Set database path to: /Applications/STM32CubeIDE.app/Contents/Eclipse/plugins/com.st.stm32cube.common.mx_6.15.0.202507011659//db//mcu/
2025-11-21 21:12:46,509 [INFO] ApiDb:274 - Set plugin database path to: /Applications/STM32CubeIDE.app/Contents/Eclipse/plugins/com.st.stm32cube.common.mx_6.15.0.202507011659//db//plugins/boardmanager/
2025-11-21 21:12:46,511 [WARN] ApiDb:259 - Overriding images path with different value:  => /Applications/STM32CubeIDE.app/Contents/Eclipse/plugins/com.st.stm32cube.common.mx_6.15.0.202507011659//db//plugins/mcufinder/images/
2025-11-21 21:12:46,518 [INFO] ApiDb:250 - Set database path to: /Users/skorsh/.stmcufinder/plugins/mcufinder//mcu/
2025-11-21 21:12:46,519 [INFO] DbMcusAds:125 - Set database path to: /Users/skorsh/.stmcufinder/plugins/mcufinder//mcu/
2025-11-21 21:12:46,521 [INFO] CrossReferenceDbSqlite:203 - Set database path to: /Users/skorsh/.stmcufinder/plugins/mcufinder//mcu/cs/
2025-11-21 21:12:46,817 [INFO] RulesReader:64 - Compatibility file has been processed (317 Rules)
2025-11-21 21:12:46,997 [INFO] DbMcusXml:78 - Set database path to: /Applications/STM32CubeIDE.app/Contents/Eclipse/plugins/com.st.stm32cube.common.mx_6.15.0.202507011659//db//mcu/
2025-11-21 21:12:46,997 [INFO] ApiDb:274 - Set plugin database path to: /Applications/STM32CubeIDE.app/Contents/Eclipse/plugins/com.st.stm32cube.common.mx_6.15.0.202507011659//db//plugins/boardmanager/
2025-11-21 21:12:46,998 [INFO] ApiDb:261 - Set plugin images path to: /Applications/STM32CubeIDE.app/Contents/Eclipse/plugins/com.st.stm32cube.common.mx_6.15.0.202507011659//db//plugins/mcufinder/images/
2025-11-21 21:12:46,999 [WARN] DbFile:41 - Overriding database path with different value: /Users/skorsh/.stmcufinder/plugins/mcufinder/ => /Users/skorsh/.stmcufinder/plugins/mcufinder
2025-11-21 21:12:46,999 [INFO] ApiDb:250 - Set database path to: /Users/skorsh/.stmcufinder/plugins/mcufinder//mcu/
2025-11-21 21:12:46,999 [WARN] DbFile:41 - Overriding database path with different value: /Users/skorsh/.stmcufinder/plugins/mcufinder/ => /Users/skorsh/.stmcufinder/plugins/mcufinder
2025-11-21 21:12:47,000 [INFO] DbMcusAds:125 - Set database path to: /Users/skorsh/.stmcufinder/plugins/mcufinder//mcu/
2025-11-21 21:12:47,000 [WARN] DbFile:41 - Overriding database path with different value: /Users/skorsh/.stmcufinder/plugins/mcufinder/ => /Users/skorsh/.stmcufinder/plugins/mcufinder
2025-11-21 21:12:47,000 [WARN] DbFile:41 - Overriding database path with different value: /Users/skorsh/.stmcufinder/plugins/mcufinder/ => /Users/skorsh/.stmcufinder/plugins/mcufinder
2025-11-21 21:12:47,001 [INFO] CrossReferenceDbSqlite:203 - Set database path to: /Users/skorsh/.stmcufinder/plugins/mcufinder//mcu/cs/
2025-11-21 21:12:47,238 [INFO] MainPanel:274 - HeapMemory: 268435456
2025-11-21 21:12:48,121 [INFO] DbMcusXml:78 - Set database path to: /Applications/STM32CubeIDE.app/Contents/Eclipse/plugins/com.st.stm32cube.common.mx_6.15.0.202507011659//db//mcu/
2025-11-21 21:12:48,121 [INFO] ApiDb:274 - Set plugin database path to: /Applications/STM32CubeIDE.app/Contents/Eclipse/plugins/com.st.stm32cube.common.mx_6.15.0.202507011659//db//plugins/boardmanager/
2025-11-21 21:12:48,122 [INFO] ApiDb:261 - Set plugin images path to: /Applications/STM32CubeIDE.app/Contents/Eclipse/plugins/com.st.stm32cube.common.mx_6.15.0.202507011659//db//plugins/mcufinder/images/
2025-11-21 21:12:48,122 [WARN] DbFile:41 - Overriding database path with different value: /Users/skorsh/.stmcufinder/plugins/mcufinder/ => /Users/skorsh/.stmcufinder/plugins/mcufinder
2025-11-21 21:12:48,122 [INFO] ApiDb:250 - Set database path to: /Users/skorsh/.stmcufinder/plugins/mcufinder//mcu/
2025-11-21 21:12:48,122 [WARN] DbFile:41 - Overriding database path with different value: /Users/skorsh/.stmcufinder/plugins/mcufinder/ => /Users/skorsh/.stmcufinder/plugins/mcufinder
2025-11-21 21:12:48,122 [INFO] DbMcusAds:125 - Set database path to: /Users/skorsh/.stmcufinder/plugins/mcufinder//mcu/
2025-11-21 21:12:48,123 [WARN] DbFile:41 - Overriding database path with different value: /Users/skorsh/.stmcufinder/plugins/mcufinder/ => /Users/skorsh/.stmcufinder/plugins/mcufinder
2025-11-21 21:12:48,123 [WARN] DbFile:41 - Overriding database path with different value: /Users/skorsh/.stmcufinder/plugins/mcufinder/ => /Users/skorsh/.stmcufinder/plugins/mcufinder
2025-11-21 21:12:48,123 [INFO] CrossReferenceDbSqlite:203 - Set database path to: /Users/skorsh/.stmcufinder/plugins/mcufinder//mcu/cs/
2025-11-21 21:12:48,152 [INFO] ApplicationProperties:184 - Using Application install path: /Applications/STM32CubeIDE.app/Contents/Eclipse/plugins/com.st.stm32cube.common.mx_6.15.0.202507011659
2025-11-21 21:12:48,154 [INFO] PluginManage:196 - Search for loadable plugins [exclusion list=, ]
2025-11-21 21:12:48,157 [INFO] PluginManage:310 - Check plugin analytics
2025-11-21 21:12:48,644 [INFO] AnalyticsPlugin:253 - Accepted Software Licenses: 
2025-11-21 21:12:48,646 [INFO] AnalyticsPlugin:255 - Accepted CMSIS Pack Licenses: 
2025-11-21 21:12:48,647 [INFO] AnalyticsPlugin:257 - Accepted Firmware Licenses: 
2025-11-21 21:12:48,674 [INFO] PluginManage:359 - Loaded plugin analytics (category:tool,tabindex:-1)
2025-11-21 21:12:48,677 [INFO] PluginManage:310 - Check plugin cadmodel
2025-11-21 21:12:48,714 [INFO] CADModel:105 - Init CAD model plugin
2025-11-21 21:12:48,715 [INFO] PluginManage:359 - Loaded plugin cadmodel (category:power,tabindex:5)
2025-11-21 21:12:48,718 [INFO] PluginManage:310 - Check plugin clock
2025-11-21 21:12:48,747 [INFO] PluginManage:359 - Loaded plugin clock (category:base,tabindex:2)
2025-11-21 21:12:48,748 [INFO] PluginManage:310 - Check plugin ddr
2025-11-21 21:12:48,753 [INFO] PluginManage:359 - Loaded plugin ddr (category:tool,tabindex:6)
2025-11-21 21:12:48,755 [INFO] PluginManage:310 - Check plugin filemanager
2025-11-21 21:12:49,974 [INFO] PluginManage:359 - Loaded plugin filemanager (category:base,tabindex:10)
2025-11-21 21:12:49,978 [INFO] PluginManage:310 - Check plugin ipmanager
2025-11-21 21:12:50,059 [INFO] PluginManage:359 - Loaded plugin ipmanager (category:base,tabindex:5)
2025-11-21 21:12:50,061 [INFO] PluginManage:310 - Check plugin lpbam
2025-11-21 21:12:50,093 [INFO] PluginManage:359 - Loaded plugin lpbam (category:base,tabindex:0)
2025-11-21 21:12:50,094 [INFO] PluginManage:310 - Check plugin memorymap
2025-11-21 21:12:50,123 [INFO] PluginManage:359 - Loaded plugin memorymap (category:base,tabindex:4)
2025-11-21 21:12:50,123 [INFO] PluginManage:310 - Check plugin pinoutandconfiguration
2025-11-21 21:12:50,135 [INFO] PluginManage:359 - Loaded plugin pinoutandconfiguration (category:base,tabindex:1)
2025-11-21 21:12:50,135 [INFO] PluginManage:310 - Check plugin pinoutconfig
2025-11-21 21:12:50,327 [WARN] SupportedApi:132 - Cannot load RTOS API schema: s4s-elt-must-match.1: The content of 'definitions' must match (annotation?, (simpleType | complexType)?, (unique | key | keyref)*)). A problem was found starting at: attribute.
2025-11-21 21:12:50,809 [INFO] PluginManage:359 - Loaded plugin pinoutconfig (category:base,tabindex:0)
2025-11-21 21:12:50,810 [INFO] PluginManage:310 - Check plugin power
2025-11-21 21:12:50,832 [INFO] PluginManage:359 - Loaded plugin power (category:power,tabindex:4)
2025-11-21 21:12:50,832 [INFO] PluginManage:310 - Check plugin projectmanager
2025-11-21 21:12:50,888 [INFO] PluginManage:359 - Loaded plugin projectmanager (category:projectmanager,tabindex:4)
2025-11-21 21:12:50,889 [INFO] PluginManage:310 - Check plugin rif
2025-11-21 21:12:50,902 [INFO] PluginManage:359 - Loaded plugin rif (category:base,tabindex:3)
2025-11-21 21:12:50,902 [INFO] PluginManage:310 - Check plugin thirdparty
2025-11-21 21:12:51,310 [INFO] PluginManage:359 - Loaded plugin thirdparty (category:base,tabindex:-1)
2025-11-21 21:12:51,312 [INFO] PluginManage:310 - Check plugin tools
2025-11-21 21:12:51,320 [INFO] PluginManage:359 - Loaded plugin tools (category:base,tabindex:7)
2025-11-21 21:12:51,321 [INFO] PluginManage:310 - Check plugin tutovideos
2025-11-21 21:12:51,310 [WARN] IntegrityCheckThread:84 - waiting for thirdparty lock release [integrity check]
2025-11-21 21:12:51,323 [INFO] IntegrityCheckThread:86 - entering critical section [integrity check]
2025-11-21 21:12:51,327 [INFO] ThirdPartyUpdaterWithRetryManager:70 - Updater plugin not ready yet. [1/15]
2025-11-21 21:12:51,661 [INFO] PluginManage:359 - Loaded plugin tutovideos (category:base,tabindex:-1)
2025-11-21 21:12:51,662 [INFO] PluginManage:310 - Check plugin updater
2025-11-21 21:12:51,727 [INFO] PluginManage:359 - Loaded plugin updater (category:base,tabindex:12)
2025-11-21 21:12:51,728 [INFO] PluginManage:310 - Check plugin userauth
2025-11-21 21:12:51,739 [INFO] UserAuth:118 - Init User Auth plugin
2025-11-21 21:12:51,741 [INFO] PluginManage:359 - Loaded plugin userauth (category:base,tabindex:14)
2025-11-21 21:12:51,743 [INFO] PluginManage:283 - PluginManage : Loaded plugins [18]
2025-11-21 21:12:52,285 [INFO] PinOutPanel:1589 - setPackage(No Configuration,No Configuration)
2025-11-21 21:12:52,429 [INFO] CADModel:165 - CPN selected for project level
2025-11-21 21:12:52,429 [INFO] CADModel:114 - Register for checkConnection events
2025-11-21 21:12:52,446 [INFO] IPUIPlugin:80 - create IPUIPlugin
2025-11-21 21:12:52,447 [INFO] PluginManager:220 - loadIPPluginJar : add mdma
2025-11-21 21:12:52,456 [INFO] IPUIPlugin:80 - create IPUIPlugin
2025-11-21 21:12:52,457 [INFO] PluginManager:220 - loadIPPluginJar : add freertos
2025-11-21 21:12:52,463 [INFO] IPUIPlugin:80 - create IPUIPlugin
2025-11-21 21:12:52,464 [INFO] PluginManager:220 - loadIPPluginJar : add gic
2025-11-21 21:12:52,478 [INFO] IPUIPlugin:80 - create IPUIPlugin
2025-11-21 21:12:52,478 [INFO] PluginManager:220 - loadIPPluginJar : add adc
2025-11-21 21:12:52,481 [INFO] IPUIPlugin:80 - create IPUIPlugin
2025-11-21 21:12:52,482 [INFO] PluginManager:220 - loadIPPluginJar : add gtzc
2025-11-21 21:12:52,483 [INFO] IPUIPlugin:80 - create IPUIPlugin
2025-11-21 21:12:52,484 [INFO] PluginManager:220 - loadIPPluginJar : add quadspi
2025-11-21 21:12:52,487 [INFO] IPUIPlugin:80 - create IPUIPlugin
2025-11-21 21:12:52,487 [INFO] PluginManager:220 - loadIPPluginJar : add aes
2025-11-21 21:12:52,491 [INFO] IPUIPlugin:80 - create IPUIPlugin
2025-11-21 21:12:52,491 [INFO] PluginManager:220 - loadIPPluginJar : add pdm2pcm
2025-11-21 21:12:52,494 [INFO] IPUIPlugin:80 - create IPUIPlugin
2025-11-21 21:12:52,495 [INFO] PluginManager:220 - loadIPPluginJar : add hash
2025-11-21 21:12:52,496 [INFO] IPUIPlugin:80 - create IPUIPlugin
2025-11-21 21:12:52,497 [INFO] PluginManager:220 - loadIPPluginJar : add tim
2025-11-21 21:12:52,499 [INFO] IPUIPlugin:80 - create IPUIPlugin
2025-11-21 21:12:52,499 [INFO] PluginManager:220 - loadIPPluginJar : add tsc
2025-11-21 21:12:52,502 [INFO] IPUIPlugin:80 - create IPUIPlugin
2025-11-21 21:12:52,503 [INFO] PluginManager:220 - loadIPPluginJar : add extmemmanager
2025-11-21 21:12:52,506 [INFO] IPUIPlugin:80 - create IPUIPlugin
2025-11-21 21:12:52,507 [INFO] PluginManager:220 - loadIPPluginJar : add ts
2025-11-21 21:12:52,510 [INFO] IPUIPlugin:80 - create IPUIPlugin
2025-11-21 21:12:52,510 [INFO] PluginManager:220 - loadIPPluginJar : add radio
2025-11-21 21:12:52,513 [INFO] IPUIPlugin:80 - create IPUIPlugin
2025-11-21 21:12:52,513 [INFO] PluginManager:220 - loadIPPluginJar : add can
2025-11-21 21:12:52,516 [INFO] IPUIPlugin:80 - create IPUIPlugin
2025-11-21 21:12:52,516 [INFO] PluginManager:220 - loadIPPluginJar : add dma3
2025-11-21 21:12:52,520 [INFO] IPUIPlugin:80 - create IPUIPlugin
2025-11-21 21:12:52,521 [INFO] PluginManager:220 - loadIPPluginJar : add dfsdm
2025-11-21 21:12:52,524 [INFO] IPUIPlugin:80 - create IPUIPlugin
2025-11-21 21:12:52,524 [INFO] PluginManager:220 - loadIPPluginJar : add spi
2025-11-21 21:12:52,526 [INFO] IPUIPlugin:80 - create IPUIPlugin
2025-11-21 21:12:52,527 [INFO] PluginManager:220 - loadIPPluginJar : add gfxmmu
2025-11-21 21:12:52,532 [INFO] IPUIPlugin:80 - create IPUIPlugin
2025-11-21 21:12:52,532 [INFO] PluginManager:220 - loadIPPluginJar : add genericplugin
2025-11-21 21:12:52,537 [INFO] IPUIPlugin:80 - create IPUIPlugin
2025-11-21 21:12:52,537 [INFO] PluginManager:220 - loadIPPluginJar : add cryp
2025-11-21 21:12:52,542 [INFO] IPUIPlugin:80 - create IPUIPlugin
2025-11-21 21:12:52,542 [INFO] PluginManager:220 - loadIPPluginJar : add gpio
2025-11-21 21:12:52,546 [INFO] IPUIPlugin:80 - create IPUIPlugin
2025-11-21 21:12:52,547 [INFO] PluginManager:220 - loadIPPluginJar : add ddr_ctrl_phy
2025-11-21 21:12:52,550 [INFO] IPUIPlugin:80 - create IPUIPlugin
2025-11-21 21:12:52,550 [INFO] PluginManager:220 - loadIPPluginJar : add comp
2025-11-21 21:12:52,553 [INFO] IPUIPlugin:80 - create IPUIPlugin
2025-11-21 21:12:52,555 [INFO] PluginManager:220 - loadIPPluginJar : add tracer_emb
2025-11-21 21:12:52,558 [INFO] IPUIPlugin:80 - create IPUIPlugin
2025-11-21 21:12:52,558 [INFO] PluginManager:220 - loadIPPluginJar : add openamp
2025-11-21 21:12:52,565 [INFO] IPUIPlugin:80 - create IPUIPlugin
2025-11-21 21:12:52,566 [INFO] PluginManager:220 - loadIPPluginJar : add stm32_wpan
2025-11-21 21:12:52,573 [INFO] IPUIPlugin:80 - create IPUIPlugin
2025-11-21 21:12:52,578 [INFO] PluginManager:220 - loadIPPluginJar : add plateformsettings
2025-11-21 21:12:52,583 [INFO] IPUIPlugin:80 - create IPUIPlugin
2025-11-21 21:12:52,583 [INFO] PluginManager:220 - loadIPPluginJar : add ipddr
2025-11-21 21:12:52,586 [INFO] IPUIPlugin:80 - create IPUIPlugin
2025-11-21 21:12:52,586 [INFO] PluginManager:220 - loadIPPluginJar : add usart
2025-11-21 21:12:52,588 [INFO] IPUIPlugin:80 - create IPUIPlugin
2025-11-21 21:12:52,588 [INFO] PluginManager:220 - loadIPPluginJar : add ltdc
2025-11-21 21:12:52,592 [INFO] IPUIPlugin:80 - create IPUIPlugin
2025-11-21 21:12:52,592 [INFO] PluginManager:220 - loadIPPluginJar : add nvic
2025-11-21 21:12:52,594 [INFO] IPUIPlugin:80 - create IPUIPlugin
2025-11-21 21:12:52,594 [INFO] PluginManager:220 - loadIPPluginJar : add fatfs
2025-11-21 21:12:52,602 [INFO] IPUIPlugin:80 - create IPUIPlugin
2025-11-21 21:12:52,602 [INFO] PluginManager:220 - loadIPPluginJar : add linkedlist
2025-11-21 21:12:52,609 [INFO] IPUIPlugin:80 - create IPUIPlugin
2025-11-21 21:12:52,610 [INFO] PluginManager:220 - loadIPPluginJar : add dma
2025-11-21 21:12:52,616 [INFO] IPUIPlugin:80 - create IPUIPlugin
2025-11-21 21:12:52,616 [INFO] PluginManager:220 - loadIPPluginJar : add fmc
2025-11-21 21:12:52,618 [INFO] IPUIPlugin:80 - create IPUIPlugin
2025-11-21 21:12:52,619 [INFO] PluginManager:220 - loadIPPluginJar : add i2s
2025-11-21 21:12:52,621 [INFO] IPUIPlugin:80 - create IPUIPlugin
2025-11-21 21:12:52,621 [INFO] PluginManager:220 - loadIPPluginJar : add ucpd
2025-11-21 21:12:52,624 [INFO] IPUIPlugin:80 - create IPUIPlugin
2025-11-21 21:12:52,625 [INFO] PluginManager:220 - loadIPPluginJar : add lorawan
2025-11-21 21:12:52,631 [INFO] IPUIPlugin:80 - create IPUIPlugin
2025-11-21 21:12:52,632 [INFO] PluginManager:220 - loadIPPluginJar : add opamp
2025-11-21 21:12:52,635 [INFO] IPUIPlugin:80 - create IPUIPlugin
2025-11-21 21:12:52,636 [INFO] PluginManager:220 - loadIPPluginJar : add i3c
2025-11-21 21:12:52,640 [INFO] IPUIPlugin:80 - create IPUIPlugin
2025-11-21 21:12:52,641 [INFO] PluginManager:220 - loadIPPluginJar : add touchsensing
2025-11-21 21:12:52,646 [INFO] IPUIPlugin:80 - create IPUIPlugin
2025-11-21 21:12:52,646 [INFO] PluginManager:220 - loadIPPluginJar : add i2c
2025-11-21 21:12:52,651 [INFO] IPUIPlugin:80 - create IPUIPlugin
2025-11-21 21:12:52,651 [INFO] PluginManager:220 - loadIPPluginJar : add resmgrutility
2025-11-21 21:12:52,656 [INFO] IPUIPlugin:80 - create IPUIPlugin
2025-11-21 21:12:52,656 [INFO] PluginManager:220 - loadIPPluginJar : add sai
2025-11-21 21:12:52,659 [INFO] IPUIPlugin:80 - create IPUIPlugin
2025-11-21 21:12:52,660 [INFO] PluginManager:220 - loadIPPluginJar : add usbx
2025-11-21 21:12:52,814 [FATAL] Updater:351 - Updater called before beeing initialized
2025-11-21 21:12:52,930 [INFO] RulesReader:64 - Compatibility file has been processed (317 Rules)
2025-11-21 21:12:52,959 [INFO] RulesReader:64 - Compatibility file has been processed (317 Rules)
2025-11-21 21:12:52,986 [INFO] CADModel:165 - CPN selected for project level
2025-11-21 21:12:52,987 [INFO] CADModel:114 - Register for checkConnection events
2025-11-21 21:12:52,987 [FATAL] Updater:351 - Updater called before beeing initialized
2025-11-21 21:12:52,988 [ERROR] CADModel:125 - Updater not yet initialized, retry later 
2025-11-21 21:12:53,665 [FATAL] Updater:351 - Updater called before beeing initialized
2025-11-21 21:12:53,669 [INFO] CADModel:165 - CPN selected for project level
2025-11-21 21:12:53,669 [INFO] CADModel:114 - Register for checkConnection events
2025-11-21 21:12:53,669 [FATAL] Updater:351 - Updater called before beeing initialized
2025-11-21 21:12:53,669 [ERROR] CADModel:125 - Updater not yet initialized, retry later 
2025-11-21 21:12:53,675 [FATAL] Updater:351 - Updater called before beeing initialized
2025-11-21 21:12:54,151 [FATAL] Updater:351 - Updater called before beeing initialized
2025-11-21 21:12:54,163 [INFO] DbMcusAds:53 - JSON generation date=Thu Oct 02 11:36:05 CEST 2025 (1759397765645)
2025-11-21 21:12:54,163 [FATAL] Updater:351 - Updater called before beeing initialized
2025-11-21 21:12:54,258 [WARN] DetailPanel:346 - Failed to get advertising image, set to default
2025-11-21 21:12:54,335 [INFO] ThirdPartyUpdaterWithRetryManager:70 - Updater plugin not ready yet. [2/15]
2025-11-21 21:12:54,413 [FATAL] Updater:351 - Updater called before beeing initialized
2025-11-21 21:12:54,419 [FATAL] Updater:351 - Updater called before beeing initialized
2025-11-21 21:12:54,420 [FATAL] Updater:351 - Updater called before beeing initialized
2025-11-21 21:12:54,421 [WARN] DetailPanel:346 - Failed to get advertising image, set to default
2025-11-21 21:12:54,425 [FATAL] Updater:351 - Updater called before beeing initialized
2025-11-21 21:12:54,529 [ERROR] Updater:1198 - MainUpdater not yet initialized. External WinMGr cannot be set.
2025-11-21 21:12:54,545 [INFO] Updater:1134 - Updater Version found : 6.15.0
2025-11-21 21:12:54,566 [INFO] ApplicationProperties:184 - Using Application install path: /Applications/STM32CubeIDE.app/Contents/Eclipse/plugins/com.st.stm32cube.common.mx_6.15.0.202507011659
2025-11-21 21:12:55,146 [INFO] MainUpdater:2872 - connection check result : 10
2025-11-21 21:12:55,147 [INFO] MainUpdater:289 - Updater Check For Update Now.
2025-11-21 21:12:55,147 [INFO] MicroXplorer:498 - Change Database Version : DB.6.0.150
2025-11-21 21:12:55,157 [INFO] McuFinderGlobals:63 - Set McuFinder mode to 2 (CubeIDE integrated)
2025-11-21 21:12:55,158 [INFO] UserAuth:171 - activating auth plugin
2025-11-21 21:12:55,196 [INFO] UserAuth:487 - Internet connection configuration mode: 1
2025-11-21 21:12:55,220 [INFO] JxBrowserEngine:152 - Initiate JxBrowser Engine with user profile folder
2025-11-21 21:12:55,889 [INFO] CheckServerUpdateThread:120 - End of CheckServer Thread
2025-11-21 21:12:58,293 [WARN] PackLoader:240 - Cannot read IP mode file for STMicroelectronics.FP-SNS-MOTENVWB1.1.4.0
2025-11-21 21:12:58,387 [WARN] PackLoader:240 - Cannot read IP mode file for STMicroelectronics.FP-ATR-ASTRA1.2.0.2
2025-11-21 21:12:58,444 [WARN] PackLoader:240 - Cannot read IP mode file for STMicroelectronics.X-CUBE-SMBUS.2.1.0
2025-11-21 21:12:58,463 [WARN] PackLoader:240 - Cannot read IP mode file for STMicroelectronics.X-CUBE-ST60.1.0.0
2025-11-21 21:12:58,613 [WARN] PackLoader:240 - Cannot read IP mode file for STMicroelectronics.X-CUBE-AZRTOS-F7.1.1.0
2025-11-21 21:12:58,659 [WARN] PackLoader:240 - Cannot read IP mode file for Cesanta.I-CUBE-Mongoose.7.19.0
2025-11-21 21:12:58,684 [WARN] PackLoader:240 - Cannot read IP mode file for STMicroelectronics.FP-SNS-MOTENV1.5.1.0
2025-11-21 21:12:58,739 [WARN] PackLoader:240 - Cannot read IP mode file for WES.I-CUBE-Cesium.1.4.0
2025-11-21 21:12:58,843 [WARN] PackLoader:240 - Cannot read IP mode file for Infineon.AIROC-Wi-Fi-Bluetooth-STM32.1.7.1
2025-11-21 21:12:58,961 [WARN] PackLoader:240 - Cannot read IP mode file for STMicroelectronics.X-CUBE-AZRTOS-H7.3.4.0
2025-11-21 21:12:59,032 [WARN] PackLoader:240 - Cannot read IP mode file for STMicroelectronics.X-CUBE-DISPLAY.3.0.0
2025-11-21 21:12:59,082 [WARN] PackLoader:240 - Cannot read IP mode file for STMicroelectronics.X-CUBE-NFC10.1.0.0
2025-11-21 21:12:59,105 [WARN] PackLoader:240 - Cannot read IP mode file for STMicroelectronics.X-CUBE-ST60.1.1.0
2025-11-21 21:12:59,123 [WARN] PackLoader:240 - Cannot read IP mode file for emotas.I-CUBE-CANOPEN.1.3.0
2025-11-21 21:12:59,144 [WARN] PackLoader:240 - Cannot read IP mode file for STMicroelectronics.X-CUBE-GNSS1.7.1.0
2025-11-21 21:12:59,165 [WARN] PackLoader:240 - Cannot read IP mode file for STMicroelectronics.FP-SNS-STBOX1.2.1.0
2025-11-21 21:12:59,179 [WARN] PackLoader:240 - Cannot read IP mode file for STMicroelectronics.FP-SNS-SMARTAG2.1.2.0
2025-11-21 21:12:59,190 [WARN] PackLoader:240 - Cannot read IP mode file for STMicroelectronics.FP-SNS-FLIGHT1.5.1.0
2025-11-21 21:12:59,207 [INFO] LogOutputStream:77 - [STDOUT_REDIRECT] 1 : Invalid condition id : UX_CORESTACK_Condition cause : null
2025-11-21 21:12:59,217 [INFO] LogOutputStream:77 - [STDOUT_REDIRECT] 1 : Invalid condition id : UX_CORESTACK_Condition cause : null
2025-11-21 21:12:59,219 [INFO] LogOutputStream:77 - [STDOUT_REDIRECT] 1 : Invalid condition id : UX_CORESTACK_Condition cause : null
2025-11-21 21:12:59,219 [INFO] LogOutputStream:77 - [STDOUT_REDIRECT] 1 : Invalid condition id : UX_CORESTACK_Condition cause : null
2025-11-21 21:12:59,219 [INFO] LogOutputStream:77 - [STDOUT_REDIRECT] 1 : Invalid condition id : UX_CORESTACK_Condition cause : null
2025-11-21 21:12:59,230 [WARN] PackLoader:240 - Cannot read IP mode file for STMicroelectronics.X-CUBE-AZRTOS-WL.2.0.0
2025-11-21 21:12:59,243 [WARN] PackLoader:240 - Cannot read IP mode file for STMicroelectronics.FP-SNS-MOTENV1.5.0.0
2025-11-21 21:12:59,305 [WARN] PackLoader:240 - Cannot read IP mode file for STMicroelectronics.X-CUBE-AZRTOS-H7RS.1.2.0
2025-11-21 21:12:59,338 [WARN] PackLoader:240 - Cannot read IP mode file for STMicroelectronics.X-CUBE-BLE2.3.3.0
2025-11-21 21:12:59,412 [WARN] PackLoader:240 - Cannot read IP mode file for STMicroelectronics.X-CUBE-NFC9.1.0.0
2025-11-21 21:12:59,432 [WARN] PackLoader:240 - Cannot read IP mode file for wolfSSL.I-CUBE-wolfSSL.5.8.2
2025-11-21 21:12:59,453 [WARN] PackLoader:240 - Cannot read IP mode file for STMicroelectronics.X-CUBE-BLE1.7.1.0
2025-11-21 21:12:59,462 [WARN] PackLoader:240 - Cannot read IP mode file for wolfSSL.I-CUBE-wolfMQTT.1.19.2
2025-11-21 21:12:59,477 [WARN] PackLoader:240 - Cannot read IP mode file for STMicroelectronics.X-CUBE-FREERTOS.1.4.0
2025-11-21 21:12:59,491 [WARN] PackLoader:240 - Cannot read IP mode file for STMicroelectronics.X-CUBE-EEPRMA1.5.2.0
2025-11-21 21:12:59,517 [WARN] PackLoader:240 - Cannot read IP mode file for STMicroelectronics.X-CUBE-ST67W61.1.1.0
2025-11-21 21:12:59,632 [WARN] PackLoader:240 - Cannot read IP mode file for STMicroelectronics.X-CUBE-MEMS1.12.0.0
2025-11-21 21:12:59,808 [WARN] PackLoader:240 - Cannot read IP mode file for STMicroelectronics.X-CUBE-AZRTOS-G0.1.1.0
2025-11-21 21:12:59,836 [WARN] PackLoader:240 - Cannot read IP mode file for STMicroelectronics.X-CUBE-SAFEA1.1.2.2
2025-11-21 21:12:59,848 [WARN] PackLoader:240 - Cannot read IP mode file for STMicroelectronics.X-CUBE-NFC4.3.0.0
2025-11-21 21:12:59,869 [WARN] PackLoader:240 - Cannot read IP mode file for EmbeddedOffice.I-CUBE-FS-RTOS.1.0.1
2025-11-21 21:12:59,885 [WARN] PackLoader:240 - Cannot read IP mode file for STMicroelectronics.X-CUBE-WB05N.2.0.0
2025-11-21 21:12:59,908 [WARN] PackLoader:240 - Cannot read IP mode file for wolfSSL.I-CUBE-wolfTPM.3.8.0
2025-11-21 21:12:59,917 [WARN] PackLoader:240 - Cannot read IP mode file for STMicroelectronics.X-CUBE-TCPP.4.2.0
2025-11-21 21:12:59,927 [WARN] PackLoader:240 - Cannot read IP mode file for RealThread.X-CUBE-RT-Thread_Nano.4.1.1
2025-11-21 21:12:59,935 [WARN] PackLoader:240 - Cannot read IP mode file for STMicroelectronics.FP-ATR-SIGFOX1.3.2.0
2025-11-21 21:12:59,945 [WARN] PackLoader:240 - Cannot read IP mode file for ITTIA_DB.I-CUBE-ITTIADB.8.9.0
2025-11-21 21:12:59,960 [WARN] PackLoader:240 - Cannot read IP mode file for STMicroelectronics.X-CUBE-ST67W61.1.0.0
2025-11-21 21:12:59,972 [WARN] PackLoader:240 - Cannot read IP mode file for STMicroelectronics.X-CUBE-AI.10.2.0
2025-11-21 21:13:00,066 [WARN] PackLoader:240 - Cannot read IP mode file for SEGGER.I-CUBE-embOS.1.3.1
2025-11-21 21:13:00,136 [WARN] PackLoader:240 - Cannot read IP mode file for STMicroelectronics.X-CUBE-ALGOBUILD.1.4.0
2025-11-21 21:13:00,261 [WARN] PackLoader:240 - Cannot read IP mode file for STMicroelectronics.X-CUBE-MEMS1.11.3.0
2025-11-21 21:13:01,761 [WARN] PackLoader:240 - Cannot read IP mode file for STMicroelectronics.X-CUBE-PM33A1.1.0.0
2025-11-21 21:13:01,988 [WARN] PackLoader:240 - Cannot read IP mode file for STMicroelectronics.X-CUBE-AZRTOS-F4.1.1.0
2025-11-21 21:13:02,072 [WARN] PackLoader:240 - Cannot read IP mode file for STMicroelectronics.X-CUBE-ISPU.2.1.0
2025-11-21 21:13:02,137 [WARN] PackLoader:240 - Cannot read IP mode file for STMicroelectronics.X-CUBE-IPS.3.2.0
2025-11-21 21:13:02,190 [WARN] PackLoader:240 - Cannot read IP mode file for STMicroelectronics.X-CUBE-NFC12.1.0.0
2025-11-21 21:13:02,330 [WARN] PackLoader:240 - Cannot read IP mode file for STMicroelectronics.X-CUBE-AZRTOS-L5.2.0.0
2025-11-21 21:13:02,414 [WARN] PackLoader:240 - Cannot read IP mode file for STMicroelectronics.X-CUBE-NFC6.3.1.0
2025-11-21 21:13:02,552 [WARN] PackLoader:240 - Cannot read IP mode file for STMicroelectronics.X-CUBE-FREERTOS.1.3.1
2025-11-21 21:13:02,635 [INFO] WebApp:169 - Instantiating new browser for Auth
2025-11-21 21:13:02,648 [WARN] PackLoader:240 - Cannot read IP mode file for STMicroelectronics.X-CUBE-TOUCHGFX.4.26.0
2025-11-21 21:13:02,714 [WARN] PackLoader:240 - Cannot read IP mode file for STMicroelectronics.FP-SNS-STAIOTCFT.1.0.0
2025-11-21 21:13:02,814 [WARN] PackLoader:240 - Cannot read IP mode file for STMicroelectronics.X-CUBE-DPower.1.3.0
2025-11-21 21:13:02,908 [WARN] ConditionMgr:438 - getConditionDescription Invalid condition id : LAN8742 Phy interface Condition cause : null
2025-11-21 21:13:02,938 [WARN] PackLoader:240 - Cannot read IP mode file for STMicroelectronics.X-CUBE-AZRTOS-L4.2.0.0
2025-11-21 21:13:02,948 [WARN] ConditionMgr:1044 - genDependencies : Invalid condition id : LAN8742 Phy interface Condition cause : null
2025-11-21 21:13:02,952 [WARN] ConditionMgr:1044 - genDependencies : Invalid condition id : LAN8742 Phy interface Condition cause : null
2025-11-21 21:13:02,956 [WARN] ConditionMgr:1044 - genDependencies : Invalid condition id : LAN8742 Phy interface Condition cause : null
2025-11-21 21:13:03,010 [WARN] PackLoader:240 - Cannot read IP mode file for STMicroelectronics.X-CUBE-SFXS2LP1.4.0.0
2025-11-21 21:13:03,073 [WARN] PackLoader:240 - Cannot read IP mode file for STMicroelectronics.X-CUBE-BLEMGR.4.1.0
2025-11-21 21:13:03,135 [WARN] ConditionMgr:438 - getConditionDescription Invalid condition id : UX DEVICE CLASS RTOS Condition cause : null
2025-11-21 21:13:03,137 [WARN] ConditionMgr:438 - getConditionDescription Invalid condition id : UX DEVICE CLASS RTOS Condition cause : null
2025-11-21 21:13:03,147 [WARN] PackLoader:240 - Cannot read IP mode file for STMicroelectronics.X-CUBE-AZRTOS-WB.2.0.0
2025-11-21 21:13:03,150 [WARN] ConditionMgr:1044 - genDependencies : Invalid condition id : UX DEVICE CLASS RTOS Condition cause : null
2025-11-21 21:13:03,151 [WARN] ConditionMgr:1044 - genDependencies : Invalid condition id : UX DEVICE CLASS RTOS Condition cause : null
2025-11-21 21:13:03,153 [WARN] ConditionMgr:1044 - genDependencies : Invalid condition id : UX DEVICE CLASS RTOS Condition cause : null
2025-11-21 21:13:03,154 [WARN] ConditionMgr:1044 - genDependencies : Invalid condition id : UX DEVICE CLASS RTOS Condition cause : null
2025-11-21 21:13:03,154 [WARN] ConditionMgr:1044 - genDependencies : Invalid condition id : UX DEVICE CLASS RTOS Condition cause : null
2025-11-21 21:13:03,180 [WARN] PackLoader:240 - Cannot read IP mode file for STMicroelectronics.X-CUBE-GNSS1.7.0.1
2025-11-21 21:13:03,196 [WARN] PackLoader:240 - Cannot read IP mode file for STMicroelectronics.X-CUBE-TOUCHGFX.4.25.0
2025-11-21 21:13:03,207 [WARN] ConditionMgr:438 - getConditionDescription Invalid condition id : Cortex-A Device cause : null
2025-11-21 21:13:03,246 [WARN] ConditionMgr:1044 - genDependencies : Invalid condition id : Cortex-A Device cause : null
2025-11-21 21:13:03,247 [WARN] ConditionMgr:1044 - genDependencies : Invalid condition id : Cortex-A Device cause : null
2025-11-21 21:13:03,247 [WARN] ConditionMgr:1044 - genDependencies : Invalid condition id : Cortex-A Device cause : null
2025-11-21 21:13:03,281 [WARN] PackLoader:240 - Cannot read IP mode file for STMicroelectronics.X-CUBE-SUBG2.5.0.0
2025-11-21 21:13:03,388 [WARN] PackLoader:240 - Cannot read IP mode file for STMicroelectronics.X-CUBE-AZRTOS-H7RS.1.1.0
2025-11-21 21:13:03,478 [WARN] PackLoader:240 - Cannot read IP mode file for STMicroelectronics.X-CUBE-AZRTOS-G4.2.0.0
2025-11-21 21:13:03,498 [WARN] PackLoader:240 - Cannot read IP mode file for wolfSSL.I-CUBE-wolfSSH.1.4.20
2025-11-21 21:13:03,511 [WARN] PackLoader:240 - Cannot read IP mode file for STMicroelectronics.X-CUBE-NFC7.2.0.0
2025-11-21 21:13:03,542 [WARN] PackLoader:240 - Cannot read IP mode file for STMicroelectronics.X-CUBE-IPS.3.1.0
2025-11-21 21:13:03,588 [WARN] PackLoader:240 - Cannot read IP mode file for STMicroelectronics.X-CUBE-ALS.1.0.2
2025-11-21 21:13:03,616 [WARN] PackLoader:240 - Cannot read IP mode file for STMicroelectronics.X-CUBE-STSE01.1.0.0
2025-11-21 21:13:03,682 [WARN] PackLoader:240 - Cannot read IP mode file for STMicroelectronics.X-CUBE-TOF1.3.4.3
2025-11-21 21:13:03,721 [INFO] ThirdParty:978 - Integrity check success = true
2025-11-21 21:13:03,721 [INFO] IntegrityCheckThread:100 - exiting critical section [integrity check]
2025-11-21 21:13:03,721 [INFO] IntegrityCheckThread:103 - End integrity checks thread
2025-11-21 21:13:06,408 [INFO] WebApp:463 - Apply proxy settings
2025-11-21 21:13:06,426 [INFO] WebApp:508 - Chromium authenticates against Manually configured proxy
2025-11-21 21:13:06,446 [INFO] WebApp:516 - Username used for proxy authentication: 
2025-11-21 21:13:06,523 [INFO] WebApp:900 - Register for checkConnection events
2025-11-21 21:13:06,524 [INFO] WebApp:463 - Apply proxy settings
2025-11-21 21:13:06,529 [INFO] WebApp:508 - Chromium authenticates against Manually configured proxy
2025-11-21 21:13:06,530 [INFO] WebApp:516 - Username used for proxy authentication: 
2025-11-21 21:13:06,833 [INFO] WebApp:225 - Starting web application
2025-11-21 21:13:06,834 [INFO] WebApp:593 - Web application path used /Applications/STM32CubeIDE.app/Contents/Eclipse/plugins/com.st.stm32cube.common.mx_6.15.0.202507011659/db/plugins/mcufinder/reactClient1/index.html
2025-11-21 21:13:07,740 [INFO] WebApp:191 - Connection restablished
2025-11-21 21:53:34,181 [INFO] WebApp:194 - Connection lost
2025-11-21 21:53:36,110 [INFO] WebApp:191 - Connection restablished
2025-11-21 22:25:38,560 [INFO] WebApp:194 - Connection lost
2025-11-21 22:25:42,598 [INFO] WebApp:191 - Connection restablished
2025-11-21 23:29:49,070 [ERROR] LogOutputStream:75 - [STDERR_REDIRECT] 
2025-11-21 23:33:20,441 [INFO] Activator:176 - 


2025-11-21 23:33:20,444 [INFO] Activator:177 - !SESSION log4j initialized
2025-11-21 23:33:28,252 [INFO] LogOutputStream:77 - [STDOUT_REDIRECT] 
2025-11-21 23:33:35,333 [ERROR] LogOutputStream:75 - [STDERR_REDIRECT] 
2025-11-21 23:33:43,414 [INFO] LogOutputStream:77 - [STDOUT_REDIRECT] 
2025-11-21 23:33:48,080 [INFO] ApplicationProperties:184 - Using Application install path: /Applications/STM32CubeIDE.app/Contents/Eclipse/plugins/com.st.stm32cube.common.mx_6.15.0.202507011659
2025-11-21 23:33:48,115 [INFO] DbMcusXml:78 - Set database path to: /Applications/STM32CubeIDE.app/Contents/Eclipse/plugins/com.st.stm32cube.common.mx_6.15.0.202507011659//db//mcu/
2025-11-21 23:33:48,115 [INFO] ApiDb:274 - Set plugin database path to: /Applications/STM32CubeIDE.app/Contents/Eclipse/plugins/com.st.stm32cube.common.mx_6.15.0.202507011659//db//plugins/boardmanager/
2025-11-21 23:33:48,117 [WARN] ApiDb:259 - Overriding images path with different value:  => /Applications/STM32CubeIDE.app/Contents/Eclipse/plugins/com.st.stm32cube.common.mx_6.15.0.202507011659//db//plugins/mcufinder/images/
2025-11-21 23:33:48,128 [INFO] ApiDb:250 - Set database path to: /Users/skorsh/.stmcufinder/plugins/mcufinder//mcu/
2025-11-21 23:33:48,134 [INFO] DbMcusAds:125 - Set database path to: /Users/skorsh/.stmcufinder/plugins/mcufinder//mcu/
2025-11-21 23:33:48,139 [INFO] CrossReferenceDbSqlite:203 - Set database path to: /Users/skorsh/.stmcufinder/plugins/mcufinder//mcu/cs/
2025-11-21 23:33:48,591 [INFO] RulesReader:64 - Compatibility file has been processed (317 Rules)
2025-11-21 23:33:48,762 [INFO] DbMcusXml:78 - Set database path to: /Applications/STM32CubeIDE.app/Contents/Eclipse/plugins/com.st.stm32cube.common.mx_6.15.0.202507011659//db//mcu/
2025-11-21 23:33:48,763 [INFO] ApiDb:274 - Set plugin database path to: /Applications/STM32CubeIDE.app/Contents/Eclipse/plugins/com.st.stm32cube.common.mx_6.15.0.202507011659//db//plugins/boardmanager/
2025-11-21 23:33:48,763 [INFO] ApiDb:261 - Set plugin images path to: /Applications/STM32CubeIDE.app/Contents/Eclipse/plugins/com.st.stm32cube.common.mx_6.15.0.202507011659//db//plugins/mcufinder/images/
2025-11-21 23:33:48,764 [WARN] DbFile:41 - Overriding database path with different value: /Users/skorsh/.stmcufinder/plugins/mcufinder/ => /Users/skorsh/.stmcufinder/plugins/mcufinder
2025-11-21 23:33:48,764 [INFO] ApiDb:250 - Set database path to: /Users/skorsh/.stmcufinder/plugins/mcufinder//mcu/
2025-11-21 23:33:48,764 [WARN] DbFile:41 - Overriding database path with different value: /Users/skorsh/.stmcufinder/plugins/mcufinder/ => /Users/skorsh/.stmcufinder/plugins/mcufinder
2025-11-21 23:33:48,764 [INFO] DbMcusAds:125 - Set database path to: /Users/skorsh/.stmcufinder/plugins/mcufinder//mcu/
2025-11-21 23:33:48,765 [WARN] DbFile:41 - Overriding database path with different value: /Users/skorsh/.stmcufinder/plugins/mcufinder/ => /Users/skorsh/.stmcufinder/plugins/mcufinder
2025-11-21 23:33:48,765 [WARN] DbFile:41 - Overriding database path with different value: /Users/skorsh/.stmcufinder/plugins/mcufinder/ => /Users/skorsh/.stmcufinder/plugins/mcufinder
2025-11-21 23:33:48,765 [INFO] CrossReferenceDbSqlite:203 - Set database path to: /Users/skorsh/.stmcufinder/plugins/mcufinder//mcu/cs/
2025-11-21 23:33:48,935 [INFO] MainPanel:274 - HeapMemory: 268435456
2025-11-21 23:33:50,306 [INFO] DbMcusXml:78 - Set database path to: /Applications/STM32CubeIDE.app/Contents/Eclipse/plugins/com.st.stm32cube.common.mx_6.15.0.202507011659//db//mcu/
2025-11-21 23:33:50,307 [INFO] ApiDb:274 - Set plugin database path to: /Applications/STM32CubeIDE.app/Contents/Eclipse/plugins/com.st.stm32cube.common.mx_6.15.0.202507011659//db//plugins/boardmanager/
2025-11-21 23:33:50,308 [INFO] ApiDb:261 - Set plugin images path to: /Applications/STM32CubeIDE.app/Contents/Eclipse/plugins/com.st.stm32cube.common.mx_6.15.0.202507011659//db//plugins/mcufinder/images/
2025-11-21 23:33:50,310 [WARN] DbFile:41 - Overriding database path with different value: /Users/skorsh/.stmcufinder/plugins/mcufinder/ => /Users/skorsh/.stmcufinder/plugins/mcufinder
2025-11-21 23:33:50,310 [INFO] ApiDb:250 - Set database path to: /Users/skorsh/.stmcufinder/plugins/mcufinder//mcu/
2025-11-21 23:33:50,311 [WARN] DbFile:41 - Overriding database path with different value: /Users/skorsh/.stmcufinder/plugins/mcufinder/ => /Users/skorsh/.stmcufinder/plugins/mcufinder
2025-11-21 23:33:50,312 [INFO] DbMcusAds:125 - Set database path to: /Users/skorsh/.stmcufinder/plugins/mcufinder//mcu/
2025-11-21 23:33:50,312 [WARN] DbFile:41 - Overriding database path with different value: /Users/skorsh/.stmcufinder/plugins/mcufinder/ => /Users/skorsh/.stmcufinder/plugins/mcufinder
2025-11-21 23:33:50,312 [WARN] DbFile:41 - Overriding database path with different value: /Users/skorsh/.stmcufinder/plugins/mcufinder/ => /Users/skorsh/.stmcufinder/plugins/mcufinder
2025-11-21 23:33:50,313 [INFO] CrossReferenceDbSqlite:203 - Set database path to: /Users/skorsh/.stmcufinder/plugins/mcufinder//mcu/cs/
2025-11-21 23:33:50,429 [INFO] ApplicationProperties:184 - Using Application install path: /Applications/STM32CubeIDE.app/Contents/Eclipse/plugins/com.st.stm32cube.common.mx_6.15.0.202507011659
2025-11-21 23:33:50,432 [INFO] PluginManage:196 - Search for loadable plugins [exclusion list=, ]
2025-11-21 23:33:50,437 [INFO] PluginManage:310 - Check plugin analytics
2025-11-21 23:33:51,056 [INFO] AnalyticsPlugin:253 - Accepted Software Licenses: 
2025-11-21 23:33:51,057 [INFO] AnalyticsPlugin:255 - Accepted CMSIS Pack Licenses: 
2025-11-21 23:33:51,057 [INFO] AnalyticsPlugin:257 - Accepted Firmware Licenses: 
2025-11-21 23:33:51,070 [INFO] PluginManage:359 - Loaded plugin analytics (category:tool,tabindex:-1)
2025-11-21 23:33:51,077 [INFO] PluginManage:310 - Check plugin cadmodel
2025-11-21 23:33:51,128 [INFO] CADModel:105 - Init CAD model plugin
2025-11-21 23:33:51,129 [INFO] PluginManage:359 - Loaded plugin cadmodel (category:power,tabindex:5)
2025-11-21 23:33:51,130 [INFO] PluginManage:310 - Check plugin clock
2025-11-21 23:33:51,162 [INFO] PluginManage:359 - Loaded plugin clock (category:base,tabindex:2)
2025-11-21 23:33:51,163 [INFO] PluginManage:310 - Check plugin ddr
2025-11-21 23:33:51,167 [INFO] PluginManage:359 - Loaded plugin ddr (category:tool,tabindex:6)
2025-11-21 23:33:51,168 [INFO] PluginManage:310 - Check plugin filemanager
2025-11-21 23:33:51,632 [INFO] PluginManage:359 - Loaded plugin filemanager (category:base,tabindex:10)
2025-11-21 23:33:51,633 [INFO] PluginManage:310 - Check plugin ipmanager
2025-11-21 23:33:51,644 [INFO] PluginManage:359 - Loaded plugin ipmanager (category:base,tabindex:5)
2025-11-21 23:33:51,645 [INFO] PluginManage:310 - Check plugin lpbam
2025-11-21 23:33:51,667 [INFO] PluginManage:359 - Loaded plugin lpbam (category:base,tabindex:0)
2025-11-21 23:33:51,668 [INFO] PluginManage:310 - Check plugin memorymap
2025-11-21 23:33:51,685 [INFO] PluginManage:359 - Loaded plugin memorymap (category:base,tabindex:4)
2025-11-21 23:33:51,686 [INFO] PluginManage:310 - Check plugin pinoutandconfiguration
2025-11-21 23:33:51,697 [INFO] PluginManage:359 - Loaded plugin pinoutandconfiguration (category:base,tabindex:1)
2025-11-21 23:33:51,697 [INFO] PluginManage:310 - Check plugin pinoutconfig
2025-11-21 23:33:51,852 [WARN] SupportedApi:132 - Cannot load RTOS API schema: s4s-elt-must-match.1: The content of 'definitions' must match (annotation?, (simpleType | complexType)?, (unique | key | keyref)*)). A problem was found starting at: attribute.
2025-11-21 23:33:52,081 [INFO] PluginManage:359 - Loaded plugin pinoutconfig (category:base,tabindex:0)
2025-11-21 23:33:52,082 [INFO] PluginManage:310 - Check plugin power
2025-11-21 23:33:52,096 [INFO] PluginManage:359 - Loaded plugin power (category:power,tabindex:4)
2025-11-21 23:33:52,096 [INFO] PluginManage:310 - Check plugin projectmanager
2025-11-21 23:33:52,183 [INFO] PluginManage:359 - Loaded plugin projectmanager (category:projectmanager,tabindex:4)
2025-11-21 23:33:52,184 [INFO] PluginManage:310 - Check plugin rif
2025-11-21 23:33:52,204 [INFO] PluginManage:359 - Loaded plugin rif (category:base,tabindex:3)
2025-11-21 23:33:52,204 [INFO] PluginManage:310 - Check plugin thirdparty
2025-11-21 23:33:52,478 [INFO] PluginManage:359 - Loaded plugin thirdparty (category:base,tabindex:-1)
2025-11-21 23:33:52,478 [INFO] PluginManage:310 - Check plugin tools
2025-11-21 23:33:52,478 [WARN] IntegrityCheckThread:84 - waiting for thirdparty lock release [integrity check]
2025-11-21 23:33:52,479 [INFO] IntegrityCheckThread:86 - entering critical section [integrity check]
2025-11-21 23:33:52,480 [INFO] ThirdPartyUpdaterWithRetryManager:70 - Updater plugin not ready yet. [1/15]
2025-11-21 23:33:52,481 [INFO] PluginManage:359 - Loaded plugin tools (category:base,tabindex:7)
2025-11-21 23:33:52,482 [INFO] PluginManage:310 - Check plugin tutovideos
2025-11-21 23:33:52,786 [INFO] PluginManage:359 - Loaded plugin tutovideos (category:base,tabindex:-1)
2025-11-21 23:33:52,786 [INFO] PluginManage:310 - Check plugin updater
2025-11-21 23:33:52,833 [INFO] PluginManage:359 - Loaded plugin updater (category:base,tabindex:12)
2025-11-21 23:33:52,833 [INFO] PluginManage:310 - Check plugin userauth
2025-11-21 23:33:52,840 [INFO] UserAuth:118 - Init User Auth plugin
2025-11-21 23:33:52,842 [INFO] PluginManage:359 - Loaded plugin userauth (category:base,tabindex:14)
2025-11-21 23:33:52,842 [INFO] PluginManage:283 - PluginManage : Loaded plugins [18]
2025-11-21 23:33:53,206 [INFO] PinOutPanel:1589 - setPackage(No Configuration,No Configuration)
2025-11-21 23:33:53,325 [INFO] CADModel:165 - CPN selected for project level
2025-11-21 23:33:53,325 [INFO] CADModel:114 - Register for checkConnection events
2025-11-21 23:33:53,343 [INFO] IPUIPlugin:80 - create IPUIPlugin
2025-11-21 23:33:53,343 [INFO] PluginManager:220 - loadIPPluginJar : add mdma
2025-11-21 23:33:53,352 [INFO] IPUIPlugin:80 - create IPUIPlugin
2025-11-21 23:33:53,352 [INFO] PluginManager:220 - loadIPPluginJar : add freertos
2025-11-21 23:33:53,358 [INFO] IPUIPlugin:80 - create IPUIPlugin
2025-11-21 23:33:53,358 [INFO] PluginManager:220 - loadIPPluginJar : add gic
2025-11-21 23:33:53,371 [INFO] IPUIPlugin:80 - create IPUIPlugin
2025-11-21 23:33:53,371 [INFO] PluginManager:220 - loadIPPluginJar : add adc
2025-11-21 23:33:53,373 [INFO] IPUIPlugin:80 - create IPUIPlugin
2025-11-21 23:33:53,373 [INFO] PluginManager:220 - loadIPPluginJar : add gtzc
2025-11-21 23:33:53,374 [INFO] IPUIPlugin:80 - create IPUIPlugin
2025-11-21 23:33:53,375 [INFO] PluginManager:220 - loadIPPluginJar : add quadspi
2025-11-21 23:33:53,376 [INFO] IPUIPlugin:80 - create IPUIPlugin
2025-11-21 23:33:53,376 [INFO] PluginManager:220 - loadIPPluginJar : add aes
2025-11-21 23:33:53,379 [INFO] IPUIPlugin:80 - create IPUIPlugin
2025-11-21 23:33:53,379 [INFO] PluginManager:220 - loadIPPluginJar : add pdm2pcm
2025-11-21 23:33:53,380 [INFO] IPUIPlugin:80 - create IPUIPlugin
2025-11-21 23:33:53,380 [INFO] PluginManager:220 - loadIPPluginJar : add hash
2025-11-21 23:33:53,381 [INFO] IPUIPlugin:80 - create IPUIPlugin
2025-11-21 23:33:53,382 [INFO] PluginManager:220 - loadIPPluginJar : add tim
2025-11-21 23:33:53,383 [INFO] IPUIPlugin:80 - create IPUIPlugin
2025-11-21 23:33:53,384 [INFO] PluginManager:220 - loadIPPluginJar : add tsc
2025-11-21 23:33:53,386 [INFO] IPUIPlugin:80 - create IPUIPlugin
2025-11-21 23:33:53,386 [INFO] PluginManager:220 - loadIPPluginJar : add extmemmanager
2025-11-21 23:33:53,388 [INFO] IPUIPlugin:80 - create IPUIPlugin
2025-11-21 23:33:53,388 [INFO] PluginManager:220 - loadIPPluginJar : add ts
2025-11-21 23:33:53,390 [INFO] IPUIPlugin:80 - create IPUIPlugin
2025-11-21 23:33:53,390 [INFO] PluginManager:220 - loadIPPluginJar : add radio
2025-11-21 23:33:53,392 [INFO] IPUIPlugin:80 - create IPUIPlugin
2025-11-21 23:33:53,392 [INFO] PluginManager:220 - loadIPPluginJar : add can
2025-11-21 23:33:53,394 [INFO] IPUIPlugin:80 - create IPUIPlugin
2025-11-21 23:33:53,394 [INFO] PluginManager:220 - loadIPPluginJar : add dma3
2025-11-21 23:33:53,396 [INFO] IPUIPlugin:80 - create IPUIPlugin
2025-11-21 23:33:53,396 [INFO] PluginManager:220 - loadIPPluginJar : add dfsdm
2025-11-21 23:33:53,398 [INFO] IPUIPlugin:80 - create IPUIPlugin
2025-11-21 23:33:53,398 [INFO] PluginManager:220 - loadIPPluginJar : add spi
2025-11-21 23:33:53,400 [INFO] IPUIPlugin:80 - create IPUIPlugin
2025-11-21 23:33:53,401 [INFO] PluginManager:220 - loadIPPluginJar : add gfxmmu
2025-11-21 23:33:53,403 [INFO] IPUIPlugin:80 - create IPUIPlugin
2025-11-21 23:33:53,405 [INFO] PluginManager:220 - loadIPPluginJar : add genericplugin
2025-11-21 23:33:53,407 [INFO] IPUIPlugin:80 - create IPUIPlugin
2025-11-21 23:33:53,408 [INFO] PluginManager:220 - loadIPPluginJar : add cryp
2025-11-21 23:33:53,412 [INFO] IPUIPlugin:80 - create IPUIPlugin
2025-11-21 23:33:53,412 [INFO] PluginManager:220 - loadIPPluginJar : add gpio
2025-11-21 23:33:53,416 [INFO] IPUIPlugin:80 - create IPUIPlugin
2025-11-21 23:33:53,416 [INFO] PluginManager:220 - loadIPPluginJar : add ddr_ctrl_phy
2025-11-21 23:33:53,418 [INFO] IPUIPlugin:80 - create IPUIPlugin
2025-11-21 23:33:53,418 [INFO] PluginManager:220 - loadIPPluginJar : add comp
2025-11-21 23:33:53,421 [INFO] IPUIPlugin:80 - create IPUIPlugin
2025-11-21 23:33:53,423 [INFO] PluginManager:220 - loadIPPluginJar : add tracer_emb
2025-11-21 23:33:53,429 [INFO] IPUIPlugin:80 - create IPUIPlugin
2025-11-21 23:33:53,429 [INFO] PluginManager:220 - loadIPPluginJar : add openamp
2025-11-21 23:33:53,436 [INFO] IPUIPlugin:80 - create IPUIPlugin
2025-11-21 23:33:53,436 [INFO] PluginManager:220 - loadIPPluginJar : add stm32_wpan
2025-11-21 23:33:53,441 [INFO] IPUIPlugin:80 - create IPUIPlugin
2025-11-21 23:33:53,444 [INFO] PluginManager:220 - loadIPPluginJar : add plateformsettings
2025-11-21 23:33:53,448 [INFO] IPUIPlugin:80 - create IPUIPlugin
2025-11-21 23:33:53,448 [INFO] PluginManager:220 - loadIPPluginJar : add ipddr
2025-11-21 23:33:53,452 [INFO] IPUIPlugin:80 - create IPUIPlugin
2025-11-21 23:33:53,453 [INFO] PluginManager:220 - loadIPPluginJar : add usart
2025-11-21 23:33:53,454 [INFO] IPUIPlugin:80 - create IPUIPlugin
2025-11-21 23:33:53,454 [INFO] PluginManager:220 - loadIPPluginJar : add ltdc
2025-11-21 23:33:53,457 [INFO] IPUIPlugin:80 - create IPUIPlugin
2025-11-21 23:33:53,457 [INFO] PluginManager:220 - loadIPPluginJar : add nvic
2025-11-21 23:33:53,458 [INFO] IPUIPlugin:80 - create IPUIPlugin
2025-11-21 23:33:53,459 [INFO] PluginManager:220 - loadIPPluginJar : add fatfs
2025-11-21 23:33:53,466 [INFO] IPUIPlugin:80 - create IPUIPlugin
2025-11-21 23:33:53,466 [INFO] PluginManager:220 - loadIPPluginJar : add linkedlist
2025-11-21 23:33:53,472 [INFO] IPUIPlugin:80 - create IPUIPlugin
2025-11-21 23:33:53,472 [INFO] PluginManager:220 - loadIPPluginJar : add dma
2025-11-21 23:33:53,476 [INFO] IPUIPlugin:80 - create IPUIPlugin
2025-11-21 23:33:53,476 [INFO] PluginManager:220 - loadIPPluginJar : add fmc
2025-11-21 23:33:53,478 [INFO] IPUIPlugin:80 - create IPUIPlugin
2025-11-21 23:33:53,478 [INFO] PluginManager:220 - loadIPPluginJar : add i2s
2025-11-21 23:33:53,480 [INFO] IPUIPlugin:80 - create IPUIPlugin
2025-11-21 23:33:53,480 [INFO] PluginManager:220 - loadIPPluginJar : add ucpd
2025-11-21 23:33:53,482 [INFO] IPUIPlugin:80 - create IPUIPlugin
2025-11-21 23:33:53,482 [INFO] PluginManager:220 - loadIPPluginJar : add lorawan
2025-11-21 23:33:53,484 [INFO] IPUIPlugin:80 - create IPUIPlugin
2025-11-21 23:33:53,484 [INFO] PluginManager:220 - loadIPPluginJar : add opamp
2025-11-21 23:33:53,487 [INFO] IPUIPlugin:80 - create IPUIPlugin
2025-11-21 23:33:53,487 [INFO] PluginManager:220 - loadIPPluginJar : add i3c
2025-11-21 23:33:53,490 [INFO] IPUIPlugin:80 - create IPUIPlugin
2025-11-21 23:33:53,490 [INFO] PluginManager:220 - loadIPPluginJar : add touchsensing
2025-11-21 23:33:53,494 [INFO] IPUIPlugin:80 - create IPUIPlugin
2025-11-21 23:33:53,494 [INFO] PluginManager:220 - loadIPPluginJar : add i2c
2025-11-21 23:33:53,498 [INFO] IPUIPlugin:80 - create IPUIPlugin
2025-11-21 23:33:53,498 [INFO] PluginManager:220 - loadIPPluginJar : add resmgrutility
2025-11-21 23:33:53,502 [INFO] IPUIPlugin:80 - create IPUIPlugin
2025-11-21 23:33:53,502 [INFO] PluginManager:220 - loadIPPluginJar : add sai
2025-11-21 23:33:53,507 [INFO] IPUIPlugin:80 - create IPUIPlugin
2025-11-21 23:33:53,507 [INFO] PluginManager:220 - loadIPPluginJar : add usbx
2025-11-21 23:33:53,646 [FATAL] Updater:351 - Updater called before beeing initialized
2025-11-21 23:33:53,729 [INFO] RulesReader:64 - Compatibility file has been processed (317 Rules)
2025-11-21 23:33:53,757 [INFO] RulesReader:64 - Compatibility file has been processed (317 Rules)
2025-11-21 23:33:53,769 [INFO] CADModel:165 - CPN selected for project level
2025-11-21 23:33:53,769 [INFO] CADModel:114 - Register for checkConnection events
2025-11-21 23:33:53,769 [FATAL] Updater:351 - Updater called before beeing initialized
2025-11-21 23:33:53,769 [ERROR] CADModel:125 - Updater not yet initialized, retry later 
2025-11-21 23:33:54,096 [FATAL] Updater:351 - Updater called before beeing initialized
2025-11-21 23:33:54,098 [INFO] CADModel:165 - CPN selected for project level
2025-11-21 23:33:54,098 [INFO] CADModel:114 - Register for checkConnection events
2025-11-21 23:33:54,098 [FATAL] Updater:351 - Updater called before beeing initialized
2025-11-21 23:33:54,098 [ERROR] CADModel:125 - Updater not yet initialized, retry later 
2025-11-21 23:33:54,103 [FATAL] Updater:351 - Updater called before beeing initialized
2025-11-21 23:33:54,376 [FATAL] Updater:351 - Updater called before beeing initialized
2025-11-21 23:33:54,383 [INFO] DbMcusAds:53 - JSON generation date=Thu Oct 02 11:36:05 CEST 2025 (1759397765645)
2025-11-21 23:33:54,384 [FATAL] Updater:351 - Updater called before beeing initialized
2025-11-21 23:33:54,557 [WARN] DetailPanel:346 - Failed to get advertising image, set to default
2025-11-21 23:33:54,673 [FATAL] Updater:351 - Updater called before beeing initialized
2025-11-21 23:33:54,677 [FATAL] Updater:351 - Updater called before beeing initialized
2025-11-21 23:33:54,678 [FATAL] Updater:351 - Updater called before beeing initialized
2025-11-21 23:33:54,679 [WARN] DetailPanel:346 - Failed to get advertising image, set to default
2025-11-21 23:33:54,681 [FATAL] Updater:351 - Updater called before beeing initialized
2025-11-21 23:33:54,773 [ERROR] Updater:1198 - MainUpdater not yet initialized. External WinMGr cannot be set.
2025-11-21 23:33:54,778 [INFO] Updater:1134 - Updater Version found : 6.15.0
2025-11-21 23:33:54,799 [INFO] ApplicationProperties:184 - Using Application install path: /Applications/STM32CubeIDE.app/Contents/Eclipse/plugins/com.st.stm32cube.common.mx_6.15.0.202507011659
2025-11-21 23:33:55,266 [INFO] MainUpdater:2872 - connection check result : 10
2025-11-21 23:33:55,268 [INFO] MainUpdater:289 - Updater Check For Update Now.
2025-11-21 23:33:55,268 [INFO] MicroXplorer:498 - Change Database Version : DB.6.0.150
2025-11-21 23:33:55,275 [INFO] McuFinderGlobals:63 - Set McuFinder mode to 2 (CubeIDE integrated)
2025-11-21 23:33:55,275 [INFO] UserAuth:171 - activating auth plugin
2025-11-21 23:33:55,295 [INFO] UserAuth:487 - Internet connection configuration mode: 1
2025-11-21 23:33:55,317 [INFO] JxBrowserEngine:152 - Initiate JxBrowser Engine with user profile folder
2025-11-21 23:33:55,485 [WARN] MainUpdater:1193 - Updater busy. Cannot search thirdparties
2025-11-21 23:33:55,486 [INFO] ThirdPartyUpdaterWithRetryManager:96 - Updater plugin is busy. [1/15]
2025-11-21 23:33:55,706 [INFO] CheckServerUpdateThread:120 - End of CheckServer Thread
2025-11-21 23:33:59,033 [WARN] PackLoader:240 - Cannot read IP mode file for STMicroelectronics.FP-SNS-MOTENVWB1.1.4.0
2025-11-21 23:33:59,089 [WARN] PackLoader:240 - Cannot read IP mode file for STMicroelectronics.FP-ATR-ASTRA1.2.0.2
2025-11-21 23:33:59,124 [WARN] PackLoader:240 - Cannot read IP mode file for STMicroelectronics.X-CUBE-SMBUS.2.1.0
2025-11-21 23:33:59,142 [WARN] PackLoader:240 - Cannot read IP mode file for STMicroelectronics.X-CUBE-ST60.1.0.0
2025-11-21 23:33:59,248 [WARN] PackLoader:240 - Cannot read IP mode file for STMicroelectronics.X-CUBE-AZRTOS-F7.1.1.0
2025-11-21 23:33:59,297 [WARN] PackLoader:240 - Cannot read IP mode file for Cesanta.I-CUBE-Mongoose.7.19.0
2025-11-21 23:33:59,308 [WARN] PackLoader:240 - Cannot read IP mode file for STMicroelectronics.FP-SNS-MOTENV1.5.1.0
2025-11-21 23:33:59,342 [WARN] PackLoader:240 - Cannot read IP mode file for WES.I-CUBE-Cesium.1.4.0
2025-11-21 23:33:59,460 [WARN] PackLoader:240 - Cannot read IP mode file for Infineon.AIROC-Wi-Fi-Bluetooth-STM32.1.7.1
2025-11-21 23:33:59,650 [WARN] PackLoader:240 - Cannot read IP mode file for STMicroelectronics.X-CUBE-AZRTOS-H7.3.4.0
2025-11-21 23:33:59,757 [WARN] PackLoader:240 - Cannot read IP mode file for STMicroelectronics.X-CUBE-DISPLAY.3.0.0
2025-11-21 23:33:59,899 [WARN] PackLoader:240 - Cannot read IP mode file for STMicroelectronics.X-CUBE-NFC10.1.0.0
2025-11-21 23:33:59,962 [WARN] PackLoader:240 - Cannot read IP mode file for STMicroelectronics.X-CUBE-ST60.1.1.0
2025-11-21 23:33:59,982 [WARN] PackLoader:240 - Cannot read IP mode file for emotas.I-CUBE-CANOPEN.1.3.0
2025-11-21 23:34:00,027 [WARN] PackLoader:240 - Cannot read IP mode file for STMicroelectronics.X-CUBE-GNSS1.7.1.0
2025-11-21 23:34:00,061 [WARN] PackLoader:240 - Cannot read IP mode file for STMicroelectronics.FP-SNS-STBOX1.2.1.0
2025-11-21 23:34:00,078 [WARN] PackLoader:240 - Cannot read IP mode file for STMicroelectronics.FP-SNS-SMARTAG2.1.2.0
2025-11-21 23:34:00,088 [WARN] PackLoader:240 - Cannot read IP mode file for STMicroelectronics.FP-SNS-FLIGHT1.5.1.0
2025-11-21 23:34:00,127 [INFO] LogOutputStream:77 - [STDOUT_REDIRECT] 1 : Invalid condition id : UX_CORESTACK_Condition cause : null
2025-11-21 23:34:00,132 [INFO] LogOutputStream:77 - [STDOUT_REDIRECT] 1 : Invalid condition id : UX_CORESTACK_Condition cause : null
2025-11-21 23:34:00,134 [INFO] LogOutputStream:77 - [STDOUT_REDIRECT] 1 : Invalid condition id : UX_CORESTACK_Condition cause : null
2025-11-21 23:34:00,135 [INFO] LogOutputStream:77 - [STDOUT_REDIRECT] 1 : Invalid condition id : UX_CORESTACK_Condition cause : null
2025-11-21 23:34:00,135 [INFO] LogOutputStream:77 - [STDOUT_REDIRECT] 1 : Invalid condition id : UX_CORESTACK_Condition cause : null
2025-11-21 23:34:00,167 [WARN] PackLoader:240 - Cannot read IP mode file for STMicroelectronics.X-CUBE-AZRTOS-WL.2.0.0
2025-11-21 23:34:00,206 [WARN] PackLoader:240 - Cannot read IP mode file for STMicroelectronics.FP-SNS-MOTENV1.5.0.0
2025-11-21 23:34:00,285 [WARN] PackLoader:240 - Cannot read IP mode file for STMicroelectronics.X-CUBE-AZRTOS-H7RS.1.2.0
2025-11-21 23:34:00,328 [WARN] PackLoader:240 - Cannot read IP mode file for STMicroelectronics.X-CUBE-BLE2.3.3.0
2025-11-21 23:34:00,402 [WARN] PackLoader:240 - Cannot read IP mode file for STMicroelectronics.X-CUBE-NFC9.1.0.0
2025-11-21 23:34:00,422 [WARN] PackLoader:240 - Cannot read IP mode file for wolfSSL.I-CUBE-wolfSSL.5.8.2
2025-11-21 23:34:01,712 [WARN] PackLoader:240 - Cannot read IP mode file for STMicroelectronics.X-CUBE-BLE1.7.1.0
2025-11-21 23:34:01,810 [WARN] PackLoader:240 - Cannot read IP mode file for wolfSSL.I-CUBE-wolfMQTT.1.19.2
2025-11-21 23:34:01,849 [WARN] PackLoader:240 - Cannot read IP mode file for STMicroelectronics.X-CUBE-FREERTOS.1.4.0
2025-11-21 23:34:01,877 [WARN] PackLoader:240 - Cannot read IP mode file for STMicroelectronics.X-CUBE-EEPRMA1.5.2.0
2025-11-21 23:34:01,917 [WARN] PackLoader:240 - Cannot read IP mode file for STMicroelectronics.X-CUBE-ST67W61.1.1.0
2025-11-21 23:34:02,027 [INFO] WebApp:169 - Instantiating new browser for Auth
2025-11-21 23:34:02,182 [WARN] PackLoader:240 - Cannot read IP mode file for STMicroelectronics.X-CUBE-MEMS1.12.0.0
2025-11-21 23:34:02,599 [WARN] PackLoader:240 - Cannot read IP mode file for STMicroelectronics.X-CUBE-AZRTOS-G0.1.1.0
2025-11-21 23:34:02,656 [WARN] PackLoader:240 - Cannot read IP mode file for STMicroelectronics.X-CUBE-SAFEA1.1.2.2
2025-11-21 23:34:02,711 [WARN] PackLoader:240 - Cannot read IP mode file for STMicroelectronics.X-CUBE-NFC4.3.0.0
2025-11-21 23:34:02,760 [WARN] PackLoader:240 - Cannot read IP mode file for EmbeddedOffice.I-CUBE-FS-RTOS.1.0.1
2025-11-21 23:34:02,805 [WARN] PackLoader:240 - Cannot read IP mode file for STMicroelectronics.X-CUBE-WB05N.2.0.0
2025-11-21 23:34:02,868 [WARN] PackLoader:240 - Cannot read IP mode file for wolfSSL.I-CUBE-wolfTPM.3.8.0
2025-11-21 23:34:02,891 [WARN] PackLoader:240 - Cannot read IP mode file for STMicroelectronics.X-CUBE-TCPP.4.2.0
2025-11-21 23:34:02,908 [WARN] PackLoader:240 - Cannot read IP mode file for RealThread.X-CUBE-RT-Thread_Nano.4.1.1
2025-11-21 23:34:02,921 [WARN] PackLoader:240 - Cannot read IP mode file for STMicroelectronics.FP-ATR-SIGFOX1.3.2.0
2025-11-21 23:34:02,941 [WARN] PackLoader:240 - Cannot read IP mode file for ITTIA_DB.I-CUBE-ITTIADB.8.9.0
2025-11-21 23:34:03,016 [WARN] PackLoader:240 - Cannot read IP mode file for STMicroelectronics.X-CUBE-ST67W61.1.0.0
2025-11-21 23:34:03,043 [WARN] PackLoader:240 - Cannot read IP mode file for STMicroelectronics.X-CUBE-AI.10.2.0
2025-11-21 23:34:03,204 [WARN] PackLoader:240 - Cannot read IP mode file for SEGGER.I-CUBE-embOS.1.3.1
2025-11-21 23:34:03,312 [WARN] PackLoader:240 - Cannot read IP mode file for STMicroelectronics.X-CUBE-ALGOBUILD.1.4.0
2025-11-21 23:34:03,524 [WARN] PackLoader:240 - Cannot read IP mode file for STMicroelectronics.X-CUBE-MEMS1.11.3.0
2025-11-21 23:34:03,859 [WARN] PackLoader:240 - Cannot read IP mode file for STMicroelectronics.X-CUBE-PM33A1.1.0.0
2025-11-21 23:34:03,946 [WARN] PackLoader:240 - Cannot read IP mode file for STMicroelectronics.X-CUBE-AZRTOS-F4.1.1.0
2025-11-21 23:34:03,977 [WARN] PackLoader:240 - Cannot read IP mode file for STMicroelectronics.X-CUBE-ISPU.2.1.0
2025-11-21 23:34:04,022 [WARN] PackLoader:240 - Cannot read IP mode file for STMicroelectronics.X-CUBE-IPS.3.2.0
2025-11-21 23:34:04,072 [WARN] PackLoader:240 - Cannot read IP mode file for STMicroelectronics.X-CUBE-NFC12.1.0.0
2025-11-21 23:34:04,134 [WARN] PackLoader:240 - Cannot read IP mode file for STMicroelectronics.X-CUBE-AZRTOS-L5.2.0.0
2025-11-21 23:34:04,860 [WARN] PackLoader:240 - Cannot read IP mode file for STMicroelectronics.X-CUBE-NFC6.3.1.0
2025-11-21 23:34:05,003 [WARN] PackLoader:240 - Cannot read IP mode file for STMicroelectronics.X-CUBE-FREERTOS.1.3.1
2025-11-21 23:34:05,039 [WARN] PackLoader:240 - Cannot read IP mode file for STMicroelectronics.X-CUBE-TOUCHGFX.4.26.0
2025-11-21 23:34:05,056 [WARN] PackLoader:240 - Cannot read IP mode file for STMicroelectronics.FP-SNS-STAIOTCFT.1.0.0
2025-11-21 23:34:05,093 [WARN] PackLoader:240 - Cannot read IP mode file for STMicroelectronics.X-CUBE-DPower.1.3.0
2025-11-21 23:34:05,149 [WARN] ConditionMgr:438 - getConditionDescription Invalid condition id : LAN8742 Phy interface Condition cause : null
2025-11-21 23:34:05,154 [WARN] PackLoader:240 - Cannot read IP mode file for STMicroelectronics.X-CUBE-AZRTOS-L4.2.0.0
2025-11-21 23:34:05,162 [WARN] ConditionMgr:1044 - genDependencies : Invalid condition id : LAN8742 Phy interface Condition cause : null
2025-11-21 23:34:05,164 [WARN] ConditionMgr:1044 - genDependencies : Invalid condition id : LAN8742 Phy interface Condition cause : null
2025-11-21 23:34:05,168 [WARN] ConditionMgr:1044 - genDependencies : Invalid condition id : LAN8742 Phy interface Condition cause : null
2025-11-21 23:34:05,189 [WARN] PackLoader:240 - Cannot read IP mode file for STMicroelectronics.X-CUBE-SFXS2LP1.4.0.0
2025-11-21 23:34:05,227 [WARN] PackLoader:240 - Cannot read IP mode file for STMicroelectronics.X-CUBE-BLEMGR.4.1.0
2025-11-21 23:34:05,279 [WARN] ConditionMgr:438 - getConditionDescription Invalid condition id : UX DEVICE CLASS RTOS Condition cause : null
2025-11-21 23:34:05,280 [WARN] ConditionMgr:438 - getConditionDescription Invalid condition id : UX DEVICE CLASS RTOS Condition cause : null
2025-11-21 23:34:05,292 [WARN] PackLoader:240 - Cannot read IP mode file for STMicroelectronics.X-CUBE-AZRTOS-WB.2.0.0
2025-11-21 23:34:05,296 [WARN] ConditionMgr:1044 - genDependencies : Invalid condition id : UX DEVICE CLASS RTOS Condition cause : null
2025-11-21 23:34:05,297 [WARN] ConditionMgr:1044 - genDependencies : Invalid condition id : UX DEVICE CLASS RTOS Condition cause : null
2025-11-21 23:34:05,300 [WARN] ConditionMgr:1044 - genDependencies : Invalid condition id : UX DEVICE CLASS RTOS Condition cause : null
2025-11-21 23:34:05,301 [WARN] ConditionMgr:1044 - genDependencies : Invalid condition id : UX DEVICE CLASS RTOS Condition cause : null
2025-11-21 23:34:05,302 [WARN] ConditionMgr:1044 - genDependencies : Invalid condition id : UX DEVICE CLASS RTOS Condition cause : null
2025-11-21 23:34:05,342 [WARN] PackLoader:240 - Cannot read IP mode file for STMicroelectronics.X-CUBE-GNSS1.7.0.1
2025-11-21 23:34:05,425 [WARN] PackLoader:240 - Cannot read IP mode file for STMicroelectronics.X-CUBE-TOUCHGFX.4.25.0
2025-11-21 23:34:05,494 [WARN] ConditionMgr:438 - getConditionDescription Invalid condition id : Cortex-A Device cause : null
2025-11-21 23:34:05,610 [WARN] ConditionMgr:1044 - genDependencies : Invalid condition id : Cortex-A Device cause : null
2025-11-21 23:34:05,611 [WARN] ConditionMgr:1044 - genDependencies : Invalid condition id : Cortex-A Device cause : null
2025-11-21 23:34:05,615 [WARN] ConditionMgr:1044 - genDependencies : Invalid condition id : Cortex-A Device cause : null
2025-11-21 23:34:05,660 [WARN] PackLoader:240 - Cannot read IP mode file for STMicroelectronics.X-CUBE-SUBG2.5.0.0
2025-11-21 23:34:05,758 [WARN] PackLoader:240 - Cannot read IP mode file for STMicroelectronics.X-CUBE-AZRTOS-H7RS.1.1.0
2025-11-21 23:34:05,835 [WARN] PackLoader:240 - Cannot read IP mode file for STMicroelectronics.X-CUBE-AZRTOS-G4.2.0.0
2025-11-21 23:34:05,854 [WARN] PackLoader:240 - Cannot read IP mode file for wolfSSL.I-CUBE-wolfSSH.1.4.20
2025-11-21 23:34:05,866 [WARN] PackLoader:240 - Cannot read IP mode file for STMicroelectronics.X-CUBE-NFC7.2.0.0
2025-11-21 23:34:05,905 [WARN] PackLoader:240 - Cannot read IP mode file for STMicroelectronics.X-CUBE-IPS.3.1.0
2025-11-21 23:34:05,929 [WARN] PackLoader:240 - Cannot read IP mode file for STMicroelectronics.X-CUBE-ALS.1.0.2
2025-11-21 23:34:05,953 [WARN] PackLoader:240 - Cannot read IP mode file for STMicroelectronics.X-CUBE-STSE01.1.0.0
2025-11-21 23:34:06,022 [WARN] PackLoader:240 - Cannot read IP mode file for STMicroelectronics.X-CUBE-TOF1.3.4.3
2025-11-21 23:34:06,081 [INFO] ThirdParty:978 - Integrity check success = true
2025-11-21 23:34:06,082 [INFO] IntegrityCheckThread:100 - exiting critical section [integrity check]
2025-11-21 23:34:06,082 [INFO] IntegrityCheckThread:103 - End integrity checks thread
2025-11-21 23:34:06,344 [INFO] WebApp:463 - Apply proxy settings
2025-11-21 23:34:06,363 [INFO] WebApp:508 - Chromium authenticates against Manually configured proxy
2025-11-21 23:34:06,393 [INFO] WebApp:516 - Username used for proxy authentication: 
2025-11-21 23:34:06,474 [INFO] WebApp:900 - Register for checkConnection events
2025-11-21 23:34:06,475 [INFO] WebApp:463 - Apply proxy settings
2025-11-21 23:34:06,482 [INFO] WebApp:508 - Chromium authenticates against Manually configured proxy
2025-11-21 23:34:06,483 [INFO] WebApp:516 - Username used for proxy authentication: 
2025-11-21 23:34:07,065 [INFO] WebApp:225 - Starting web application
2025-11-21 23:34:07,066 [INFO] WebApp:593 - Web application path used /Applications/STM32CubeIDE.app/Contents/Eclipse/plugins/com.st.stm32cube.common.mx_6.15.0.202507011659/db/plugins/mcufinder/reactClient1/index.html
2025-11-21 23:34:07,896 [INFO] WebApp:191 - Connection restablished
