2025-12-05 00:15:06,824 [INFO] WebApp:194 - Connection lost
2025-12-05 00:15:11,364 [INFO] WebApp:191 - Connection restablished
2025-12-05 01:35:05,458 [INFO] WebApp:194 - Connection lost
2025-12-05 01:35:08,205 [INFO] WebApp:191 - Connection restablished
2025-12-05 01:52:07,251 [INFO] WebApp:194 - Connection lost
2025-12-05 01:53:25,056 [INFO] WebApp:191 - Connection restablished
2025-12-05 02:09:17,657 [INFO] WebApp:194 - Connection lost
2025-12-05 02:10:11,554 [INFO] WebApp:191 - Connection restablished
2025-12-05 05:18:23,824 [INFO] WebApp:194 - Connection lost
2025-12-05 05:18:28,547 [INFO] WebApp:191 - Connection restablished
2025-12-05 05:34:18,332 [INFO] WebApp:194 - Connection lost
2025-12-05 05:34:26,090 [INFO] WebApp:191 - Connection restablished
2025-12-05 07:40:02,224 [INFO] WebApp:194 - Connection lost
2025-12-05 07:40:06,919 [INFO] WebApp:191 - Connection restablished
2025-12-05 08:05:17,667 [INFO] WebApp:194 - Connection lost
2025-12-05 08:19:15,729 [INFO] WebApp:191 - Connection restablished
2025-12-05 11:58:51,748 [INFO] WebApp:194 - Connection lost
2025-12-05 12:22:13,885 [INFO] WebApp:191 - Connection restablished
2025-12-05 12:22:21,967 [INFO] WebApp:194 - Connection lost
2025-12-05 12:22:25,896 [INFO] WebApp:191 - Connection restablished
2025-12-05 14:01:36,214 [INFO] WebApp:194 - Connection lost
2025-12-05 14:01:39,417 [INFO] WebApp:191 - Connection restablished
2025-12-05 14:03:52,136 [INFO] MainUpdater:2872 - connection check result : 10
2025-12-05 14:03:52,141 [INFO] MainUpdater:2872 - connection check result : 10
2025-12-05 14:03:53,151 [INFO] MicroXplorer:468 - Change Database Path : 
2025-12-05 14:03:53,152 [INFO] MicroXplorer:498 - Change Database Version : DB.6.0.150
2025-12-05 14:03:53,490 [ERROR] ProjectManagerView:395 - 
java.lang.NullPointerException: Cannot invoke "javax.swing.JTextField.getText()" because the return value of "java.util.List.get(int)" is null
	at com.st.microxplorer.plugins.projectmanager.gui.ProjectChoiceTab$9.caretUpdate(ProjectChoiceTab.java:2706) ~[filemanager.jar:?]
	at javax.swing.text.JTextComponent.fireCaretUpdate(JTextComponent.java:408) ~[?:?]
	at javax.swing.text.JTextComponent$MutableCaretEvent.fire(JTextComponent.java:4484) ~[?:?]
	at javax.swing.text.JTextComponent$MutableCaretEvent.stateChanged(JTextComponent.java:4506) ~[?:?]
	at javax.swing.text.DefaultCaret.fireStateChanged(DefaultCaret.java:857) ~[?:?]
	at javax.swing.text.DefaultCaret.changeCaretPosition(DefaultCaret.java:1343) ~[?:?]
	at javax.swing.text.DefaultCaret.handleSetDot(DefaultCaret.java:1242) ~[?:?]
	at javax.swing.text.DefaultCaret.setDot(DefaultCaret.java:1223) ~[?:?]
	at javax.swing.text.DefaultCaret$Handler.insertUpdate(DefaultCaret.java:1819) ~[?:?]
	at javax.swing.text.AbstractDocument.fireInsertUpdate(AbstractDocument.java:227) ~[?:?]
	at javax.swing.text.AbstractDocument.handleInsertString(AbstractDocument.java:781) ~[?:?]
	at javax.swing.text.AbstractDocument.insertString(AbstractDocument.java:740) ~[?:?]
	at javax.swing.text.PlainDocument.insertString(PlainDocument.java:131) ~[?:?]
	at javax.swing.text.AbstractDocument.replace(AbstractDocument.java:699) ~[?:?]
	at javax.swing.text.JTextComponent.setText(JTextComponent.java:1725) ~[?:?]
	at com.st.microxplorer.plugins.projectmanager.gui.ProjectChoiceTab.createHeapStackFields(ProjectChoiceTab.java:993) ~[filemanager.jar:?]
	at com.st.microxplorer.plugins.projectmanager.gui.ProjectChoiceTab.buildLinkSettingsPanel(ProjectChoiceTab.java:3813) ~[filemanager.jar:?]
	at com.st.microxplorer.plugins.projectmanager.gui.ProjectChoiceTab.defineWindowsFields(ProjectChoiceTab.java:1987) ~[filemanager.jar:?]
	at com.st.microxplorer.plugins.projectmanager.gui.ProjectChoiceTab.updateSettings(ProjectChoiceTab.java:558) ~[filemanager.jar:?]
	at com.st.microxplorer.plugins.projectmanager.gui.ProjectSettingsPanel.UpdateDialog(ProjectSettingsPanel.java:247) ~[filemanager.jar:?]
	at com.st.microxplorer.plugins.projectmanager.ProjectManagerView.propertyChange(ProjectManagerView.java:392) ~[filemanager.jar:?]
	at java.beans.PropertyChangeSupport.fire(PropertyChangeSupport.java:343) ~[?:?]
	at java.beans.PropertyChangeSupport.firePropertyChange(PropertyChangeSupport.java:335) ~[?:?]
	at java.beans.PropertyChangeSupport.firePropertyChange(PropertyChangeSupport.java:268) ~[?:?]
	at com.st.microxplorer.util.MXPropertyChangeSupport.firePropertyChange(MXPropertyChangeSupport.java:54) ~[STM32CubeMX.jar:?]
	at com.st.microxplorer.mxsystem.MxSystem.closeConfig(MxSystem.java:899) ~[STM32CubeMX.jar:?]
	at com.st.microxplorer.maingui.MainPanel.closeConfig(MainPanel.java:792) ~[STM32CubeMX.jar:?]
	at com.st.microxplorer.plugins.filemanager.engine.OpenFileManager.loadConfigurationFile(OpenFileManager.java:288) ~[filemanager.jar:?]
	at com.st.microxplorer.plugins.filemanager.engine.MainFileManager.userLoadConfig(MainFileManager.java:364) ~[filemanager.jar:?]
	at com.st.microxplorer.plugins.filemanager.engine.MainFileManager.userLoadConfig(MainFileManager.java:342) ~[filemanager.jar:?]
	at com.st.microxplorer.plugins.filemanager.FileManagerView.getSpecificTask(FileManagerView.java:264) ~[filemanager.jar:?]
	at com.st.stm32cube.common.mx.editor.CubeMxEditor.getMxTabbedPaneInstance(CubeMxEditor.java:1198) ~[com.st.stm32cube.common.mx_6.15.0.202507011659/:?]
	at com.st.stm32cube.common.mx.editor.CubeMxEditor$12$1.createSwingComponent(CubeMxEditor.java:1068) ~[com.st.stm32cube.common.mx_6.15.0.202507011659/:?]
	at com.st.stm32cube.common.mx.oss.core.awtswtbridge.EmbeddedSwingComposite.doComponentCreation(EmbeddedSwingComposite.java:492) ~[com.st.stm32cube.common.mx.oss_6.15.0.202507011659/:?]
	at com.st.stm32cube.common.mx.oss.core.awtswtbridge.EmbeddedSwingComposite$4.run(EmbeddedSwingComposite.java:291) ~[com.st.stm32cube.common.mx.oss_6.15.0.202507011659/:?]
	at com.st.stm32cube.common.mx.oss.core.awtswtbridge.AwtEnvironment$2.run(AwtEnvironment.java:166) ~[com.st.stm32cube.common.mx.oss_6.15.0.202507011659/:?]
	at java.awt.event.InvocationEvent.dispatch(InvocationEvent.java:318) ~[?:?]
	at java.awt.EventQueue.dispatchEventImpl(EventQueue.java:773) ~[?:?]
	at java.awt.EventQueue$4.run(EventQueue.java:720) ~[?:?]
	at java.awt.EventQueue$4.run(EventQueue.java:714) ~[?:?]
	at java.security.AccessController.doPrivileged(AccessController.java:400) ~[?:?]
	at java.security.ProtectionDomain$JavaSecurityAccessImpl.doIntersectionPrivilege(ProtectionDomain.java:87) ~[?:?]
	at java.awt.EventQueue.dispatchEvent(EventQueue.java:742) ~[?:?]
	at java.awt.EventDispatchThread.pumpOneEventForFilters(EventDispatchThread.java:203) ~[?:?]
	at java.awt.EventDispatchThread.pumpEventsForFilter(EventDispatchThread.java:124) ~[?:?]
	at java.awt.EventDispatchThread.pumpEventsForHierarchy(EventDispatchThread.java:113) ~[?:?]
	at java.awt.EventDispatchThread.pumpEvents(EventDispatchThread.java:109) ~[?:?]
	at java.awt.EventDispatchThread.pumpEvents(EventDispatchThread.java:101) ~[?:?]
	at java.awt.EventDispatchThread.run(EventDispatchThread.java:90) ~[?:?]
2025-12-05 14:03:53,531 [WARN] ThirdParty:871 - waiting for thirdparty lock release [close project]
2025-12-05 14:03:53,532 [INFO] ThirdParty:873 - entering critical section [close project]
2025-12-05 14:03:53,532 [INFO] ThirdParty:883 - exiting critical section [close project]
2025-12-05 14:03:53,561 [INFO] PinOutPanel:1589 - setPackage(No Configuration,No Configuration)
2025-12-05 14:03:53,627 [INFO] UtilMem:75 - Begin LoadConfig() Used Memory: 707965448 Bytes (1073741824)
2025-12-05 14:03:53,656 [INFO] MicroXplorer:468 - Change Database Path : /Users/skorsh/.stm32cubemx/databases/DB.6.0.130/db/
2025-12-05 14:03:53,656 [INFO] MicroXplorer:498 - Change Database Version : DB.6.0.130
2025-12-05 14:03:57,202 [INFO] OpenFileManager:355 - Change cursor
2025-12-05 14:03:57,384 [INFO] RulesReader:64 - Compatibility file has been processed (297 Rules)
2025-12-05 14:03:57,436 [INFO] Mcu:2029 - Initializing MCU STM32L476R(C-E-G)Tx STM32L476RGTx STM32L476RGT3
2025-12-05 14:04:02,937 [INFO] Context:786 - Trying to add GPIOservice into a context  which must be forbidden
2025-12-05 14:04:06,553 [INFO] ImportTextPane:234 - (OptionalMessage_ERROR) Pin15 (VP_RIF_VS_RIF1) cannot be retrieved for this MCU
2025-12-05 14:04:06,926 [INFO] RtosManager:558 - Registered RTOS mode: class=CMSIS, group=RTOS, mode=CMSIS_V1, owner=FREERTOS
2025-12-05 14:04:06,931 [INFO] RtosManager:558 - Registered RTOS mode: class=CMSIS, group=RTOS2, mode=CMSIS_V2, owner=FREERTOS
2025-12-05 14:04:06,931 [INFO] RtosManager:558 - Registered RTOS mode: class=RTOS, group=Core, mode=CMSIS_V1, owner=FREERTOS
2025-12-05 14:04:06,931 [INFO] RtosManager:558 - Registered RTOS mode: class=RTOS, group=Core, mode=CMSIS_V2, owner=FREERTOS
2025-12-05 14:04:06,931 [WARN] ModelIntegratedComponent:184 - Missing modes for component STMicroelectronics:FreeRTOS:0.0.1:STMicroelectronics:RTOS:FreeRTOS:Core:::10.2.0:
2025-12-05 14:04:06,971 [WARN] ModelIntegratedComponent:63 - No mode defined for component null
2025-12-05 14:04:06,973 [WARN] ModelIntegratedComponent:63 - No mode defined for component null
2025-12-05 14:04:06,974 [WARN] ModelIntegratedComponent:63 - No mode defined for component null
2025-12-05 14:04:06,974 [WARN] ModelIntegratedComponent:63 - No mode defined for component null
2025-12-05 14:04:06,974 [WARN] ModelIntegratedComponent:63 - No mode defined for component null
2025-12-05 14:04:06,974 [WARN] ModelIntegratedComponent:63 - No mode defined for component null
2025-12-05 14:04:06,974 [WARN] ModelIntegratedComponent:63 - No mode defined for component null
2025-12-05 14:04:06,974 [WARN] ModelIntegratedComponent:63 - No mode defined for component null
2025-12-05 14:04:06,974 [WARN] ModelIntegratedComponent:63 - No mode defined for component null
2025-12-05 14:04:06,975 [WARN] ModelIntegratedComponent:63 - No mode defined for component null
2025-12-05 14:04:06,975 [WARN] ModelIntegratedComponent:63 - No mode defined for component null
2025-12-05 14:04:06,975 [WARN] ModelIntegratedComponent:63 - No mode defined for component null
2025-12-05 14:04:06,975 [WARN] ModelIntegratedComponent:63 - No mode defined for component null
2025-12-05 14:04:06,976 [WARN] ModelIntegratedComponent:63 - No mode defined for component null
2025-12-05 14:04:06,976 [WARN] ModelIntegratedComponent:63 - No mode defined for component null
2025-12-05 14:04:06,976 [WARN] ModelIntegratedComponent:63 - No mode defined for component null
2025-12-05 14:04:06,976 [WARN] ModelIntegratedComponent:63 - No mode defined for component null
2025-12-05 14:04:06,977 [WARN] ModelIntegratedComponent:63 - No mode defined for component null
2025-12-05 14:04:06,977 [WARN] ModelIntegratedComponent:63 - No mode defined for component null
2025-12-05 14:04:06,977 [WARN] ModelIntegratedComponent:63 - No mode defined for component null
2025-12-05 14:04:06,978 [WARN] ModelIntegratedComponent:63 - No mode defined for component null
2025-12-05 14:04:06,978 [WARN] ModelIntegratedComponent:63 - No mode defined for component null
2025-12-05 14:04:06,978 [WARN] ModelIntegratedComponent:63 - No mode defined for component null
2025-12-05 14:04:06,978 [WARN] ModelIntegratedComponent:63 - No mode defined for component null
2025-12-05 14:04:06,978 [WARN] ModelIntegratedComponent:63 - No mode defined for component null
2025-12-05 14:04:06,978 [WARN] ModelIntegratedComponent:63 - No mode defined for component null
2025-12-05 14:04:06,978 [WARN] ModelIntegratedComponent:63 - No mode defined for component null
2025-12-05 14:04:06,978 [WARN] ModelIntegratedComponent:63 - No mode defined for component null
2025-12-05 14:04:06,978 [WARN] ModelIntegratedComponent:63 - No mode defined for component null
2025-12-05 14:04:06,978 [WARN] ModelIntegratedComponent:63 - No mode defined for component null
2025-12-05 14:04:06,978 [WARN] ModelIntegratedComponent:63 - No mode defined for component null
2025-12-05 14:04:06,978 [WARN] ModelIntegratedComponent:63 - No mode defined for component null
2025-12-05 14:04:06,979 [WARN] ModelIntegratedComponent:63 - No mode defined for component null
2025-12-05 14:04:06,979 [WARN] ModelIntegratedComponent:63 - No mode defined for component null
2025-12-05 14:04:06,979 [WARN] ModelIntegratedComponent:63 - No mode defined for component null
2025-12-05 14:04:06,981 [WARN] ModelPack:524 - Component already loaded: STMicroelectronics:HAL Drivers:0.0.0:STMicroelectronics:Device:STMicro_Driver:XSPI:HAL::0.0.1:HAL_XSPI
2025-12-05 14:04:07,156 [INFO] ThirdPartyModel:298 - Start build external matchings
2025-12-05 14:04:08,122 [INFO] ThirdPartyModel:316 - End build external matchings
2025-12-05 14:04:08,191 [INFO] ImportTextPane:234 - (OptionalMessage_ERROR) IP (ADC1) : Parameter (CommonPathInternal) has invalid value (null|null|null|null)
2025-12-05 14:04:08,229 [INFO] ImportTextPane:234 - (OptionalMessage_ERROR) IP (RCC) : Invalid parameter (FamilyName)
2025-12-05 14:04:08,237 [INFO] ImportTextPane:234 - (OptionalMessage_ERROR) IP (RCC) : Parameter (RNGFreq_Value) has invalid value (64000000)
2025-12-05 14:04:08,237 [INFO] ImportTextPane:234 - (OptionalMessage_ERROR) IP (RCC) : Parameter (SDMMCFreq_Value) has invalid value (64000000)
2025-12-05 14:04:08,237 [INFO] ImportTextPane:234 - (OptionalMessage_ERROR) IP (RCC) : Parameter (USBFreq_Value) has invalid value (64000000)
2025-12-05 14:04:08,939 [INFO] UtilMem:75 - End LoadConfig() Used Memory: 828577960 Bytes (1073741824)
2025-12-05 14:04:09,218 [WARN] ThirdParty:833 - waiting for thirdparty lock release [change project]
2025-12-05 14:04:09,239 [INFO] ThirdParty:835 - entering critical section [change project]
2025-12-05 14:04:09,240 [INFO] ThirdParty:1030 - CMSIS Pack Vendor :STMicroelectronics X-CUBE-PM33A1 1.0.0
2025-12-05 14:04:09,240 [INFO] ThirdParty:1030 - CMSIS Pack Vendor :STMicroelectronics USBPD 4.1
2025-12-05 14:04:09,240 [INFO] ThirdParty:1030 - CMSIS Pack Vendor :STMicroelectronics X-CUBE-NFC9 1.0.0
2025-12-05 14:04:09,240 [INFO] ThirdParty:1030 - CMSIS Pack Vendor :STMicroelectronics USB_HOST 2.0.0
2025-12-05 14:04:09,240 [INFO] ThirdParty:1030 - CMSIS Pack Vendor :STMicroelectronics FP-SNS-MOTENVWB1 1.4.0
2025-12-05 14:04:09,240 [INFO] ThirdParty:1030 - CMSIS Pack Vendor :STMicroelectronics X-CUBE-AZRTOS-F4 1.1.0
2025-12-05 14:04:09,240 [INFO] ThirdParty:1030 - CMSIS Pack Vendor :STMicroelectronics LIBJPEG 8.0.0
2025-12-05 14:04:09,240 [INFO] ThirdParty:1030 - CMSIS Pack Vendor :STMicroelectronics FP-ATR-ASTRA1 2.0.2
2025-12-05 14:04:09,240 [INFO] ThirdParty:1030 - CMSIS Pack Vendor :wolfSSL I-CUBE-wolfSSL 5.8.2
2025-12-05 14:04:09,241 [INFO] ThirdParty:1030 - CMSIS Pack Vendor :STMicroelectronics X-CUBE-BLE1 7.1.0
2025-12-05 14:04:09,241 [INFO] ThirdParty:1030 - CMSIS Pack Vendor :STMicroelectronics X-CUBE-SMBUS 2.1.0
2025-12-05 14:04:09,241 [INFO] ThirdParty:1030 - CMSIS Pack Vendor :wolfSSL I-CUBE-wolfMQTT 1.19.2
2025-12-05 14:04:09,241 [INFO] ThirdParty:1030 - CMSIS Pack Vendor :STMicroelectronics USB_DEVICE 3.0.0
2025-12-05 14:04:09,241 [INFO] ThirdParty:1030 - CMSIS Pack Vendor :STMicroelectronics X-CUBE-ISPU 2.1.0
2025-12-05 14:04:09,241 [INFO] ThirdParty:1030 - CMSIS Pack Vendor :STMicroelectronics X-CUBE-FREERTOS 1.4.0
2025-12-05 14:04:09,242 [INFO] ThirdParty:1030 - CMSIS Pack Vendor :STMicroelectronics X-CUBE-EEPRMA1 5.2.0
2025-12-05 14:04:09,242 [INFO] ThirdParty:1030 - CMSIS Pack Vendor :STMicroelectronics X-CUBE-IPS 3.2.0
2025-12-05 14:04:09,242 [INFO] ThirdParty:1030 - CMSIS Pack Vendor :STMicroelectronics X-CUBE-BLEMGR 4.1.0
2025-12-05 14:04:09,243 [INFO] ThirdParty:1030 - CMSIS Pack Vendor :STMicroelectronics X-CUBE-AZRTOS-WB 2.0.0
2025-12-05 14:04:09,244 [INFO] ThirdParty:1030 - CMSIS Pack Vendor :STMicroelectronics X-CUBE-ST60 1.0.0
2025-12-05 14:04:09,246 [INFO] ThirdParty:1030 - CMSIS Pack Vendor :STMicroelectronics X-CUBE-GNSS1 7.0.1
2025-12-05 14:04:09,248 [INFO] ThirdParty:1030 - CMSIS Pack Vendor :STMicroelectronics X-CUBE-NFC12 1.0.0
2025-12-05 14:04:09,249 [INFO] ThirdParty:1030 - CMSIS Pack Vendor :STMicroelectronics X-CUBE-AZRTOS-F7 1.1.0
2025-12-05 14:04:09,249 [INFO] ThirdParty:1030 - CMSIS Pack Vendor :STMicroelectronics X-CUBE-AZRTOS-L5 2.0.0
2025-12-05 14:04:09,249 [INFO] ThirdParty:1030 - CMSIS Pack Vendor :STMicroelectronics X-CUBE-TOUCHGFX 4.25.0
2025-12-05 14:04:09,249 [INFO] ThirdParty:1030 - CMSIS Pack Vendor :STMicroelectronics USB_DEVICE 2.0.0
2025-12-05 14:04:09,249 [INFO] ThirdParty:1030 - CMSIS Pack Vendor :STMicroelectronics X-CUBE-NFC6 3.1.0
2025-12-05 14:04:09,249 [INFO] ThirdParty:1030 - CMSIS Pack Vendor :STMicroelectronics X-CUBE-ST67W61 1.1.0
2025-12-05 14:04:09,249 [INFO] ThirdParty:1030 - CMSIS Pack Vendor :Cesanta I-CUBE-Mongoose 7.19.0
2025-12-05 14:04:09,249 [INFO] ThirdParty:1030 - CMSIS Pack Vendor :quantropi X-CUBE-qispace-sdk-base 2.1.0
2025-12-05 14:04:09,249 [INFO] ThirdParty:1030 - CMSIS Pack Vendor :STMicroelectronics X-CUBE-MEMS1 12.0.0
2025-12-05 14:04:09,249 [INFO] ThirdParty:1030 - CMSIS Pack Vendor :STMicroelectronics FP-SNS-MOTENV1 5.1.0
2025-12-05 14:04:09,250 [INFO] ThirdParty:1030 - CMSIS Pack Vendor :STMicroelectronics FreeRTOS 0.0.1
2025-12-05 14:04:09,250 [INFO] ThirdParty:1030 - CMSIS Pack Vendor :STMicroelectronics X-CUBE-AZRTOS-G0 1.1.0
2025-12-05 14:04:09,250 [INFO] ThirdParty:1030 - CMSIS Pack Vendor :STMicroelectronics X-CUBE-SAFEA1 1.2.2
2025-12-05 14:04:09,250 [INFO] ThirdParty:1030 - CMSIS Pack Vendor :STMicroelectronics X-CUBE-NFC4 3.0.0
2025-12-05 14:04:09,250 [INFO] ThirdParty:1030 - CMSIS Pack Vendor :STMicroelectronics X-CUBE-SUBG2 5.0.0
2025-12-05 14:04:09,250 [INFO] ThirdParty:1030 - CMSIS Pack Vendor :STMicroelectronics X-CUBE-AZRTOS-H7RS 1.1.0
2025-12-05 14:04:09,250 [INFO] ThirdParty:1030 - CMSIS Pack Vendor :STMicroelectronics STM32_WPAN 1.0.0
2025-12-05 14:04:09,250 [INFO] ThirdParty:1030 - CMSIS Pack Vendor :EmbeddedOffice I-CUBE-FS-RTOS 1.0.1
2025-12-05 14:04:09,250 [INFO] ThirdParty:1030 - CMSIS Pack Vendor :STMicroelectronics lwIP 2.0.3
2025-12-05 14:04:09,250 [INFO] ThirdParty:1030 - CMSIS Pack Vendor :WES I-CUBE-Cesium 1.4.0
2025-12-05 14:04:09,250 [INFO] ThirdParty:1030 - CMSIS Pack Vendor :STMicroelectronics USB_HOST 1.0.0
2025-12-05 14:04:09,250 [INFO] ThirdParty:1030 - CMSIS Pack Vendor :Infineon AIROC-Wi-Fi-Bluetooth-STM32 1.7.1
2025-12-05 14:04:09,250 [INFO] ThirdParty:1030 - CMSIS Pack Vendor :STMicroelectronics X-CUBE-AZRTOS-G4 2.0.0
2025-12-05 14:04:09,250 [INFO] ThirdParty:1030 - CMSIS Pack Vendor :STMicroelectronics X-CUBE-WB05N 2.0.0
2025-12-05 14:04:09,250 [INFO] ThirdParty:1030 - CMSIS Pack Vendor :STMicroelectronics PDM2PCM 3.1.0
2025-12-05 14:04:09,250 [INFO] ThirdParty:1030 - CMSIS Pack Vendor :STMicroelectronics PDM2PCM 3.3.0
2025-12-05 14:04:09,250 [INFO] ThirdParty:1030 - CMSIS Pack Vendor :wolfSSL I-CUBE-wolfTPM 3.8.0
2025-12-05 14:04:09,250 [INFO] ThirdParty:1030 - CMSIS Pack Vendor :STMicroelectronics X-CUBE-AZRTOS-H7 3.4.0
2025-12-05 14:04:09,251 [INFO] ThirdParty:1030 - CMSIS Pack Vendor :STMicroelectronics X-CUBE-DISPLAY 3.0.0
2025-12-05 14:04:09,251 [INFO] ThirdParty:1030 - CMSIS Pack Vendor :wolfSSL I-CUBE-wolfSSH 1.4.20
2025-12-05 14:04:09,251 [INFO] ThirdParty:1030 - CMSIS Pack Vendor :STMicroelectronics X-CUBE-NFC7 2.0.0
2025-12-05 14:04:09,251 [INFO] ThirdParty:1030 - CMSIS Pack Vendor :STMicroelectronics X-CUBE-TCPP 4.2.0
2025-12-05 14:04:09,251 [INFO] ThirdParty:1030 - CMSIS Pack Vendor :RealThread X-CUBE-RT-Thread_Nano 4.1.1
2025-12-05 14:04:09,251 [INFO] ThirdParty:1030 - CMSIS Pack Vendor :STMicroelectronics FP-ATR-SIGFOX1 3.2.0
2025-12-05 14:04:09,251 [INFO] ThirdParty:1030 - CMSIS Pack Vendor :STMicroelectronics X-CUBE-NFC10 1.0.0
2025-12-05 14:04:09,252 [INFO] ThirdParty:1030 - CMSIS Pack Vendor :STMicroelectronics X-CUBE-FREERTOS 1.3.1
2025-12-05 14:04:09,252 [INFO] ThirdParty:1030 - CMSIS Pack Vendor :STMicroelectronics HAL Drivers 0.0.0
2025-12-05 14:04:09,252 [INFO] ThirdParty:1030 - CMSIS Pack Vendor :STMicroelectronics MBEDTLS 2.16.2
2025-12-05 14:04:09,252 [INFO] ThirdParty:1030 - CMSIS Pack Vendor :STMicroelectronics X-CUBE-ST60 1.1.0
2025-12-05 14:04:09,252 [INFO] ThirdParty:1030 - CMSIS Pack Vendor :STMicroelectronics X-CUBE-IPS 3.1.0
2025-12-05 14:04:09,252 [INFO] ThirdParty:1030 - CMSIS Pack Vendor :STMicroelectronics X-CUBE-ALS 1.0.2
2025-12-05 14:04:09,253 [INFO] ThirdParty:1030 - CMSIS Pack Vendor :emotas I-CUBE-CANOPEN 1.3.0
2025-12-05 14:04:09,254 [INFO] ThirdParty:1030 - CMSIS Pack Vendor :STMicroelectronics MBEDTLS 2.14.1
2025-12-05 14:04:09,254 [INFO] ThirdParty:1030 - CMSIS Pack Vendor :STMicroelectronics X-CUBE-GNSS1 7.1.0
2025-12-05 14:04:09,254 [INFO] ThirdParty:1030 - CMSIS Pack Vendor :ITTIA_DB I-CUBE-ITTIADB 8.9.0
2025-12-05 14:04:09,254 [INFO] ThirdParty:1030 - CMSIS Pack Vendor :STMicroelectronics X-CUBE-TOUCHGFX 4.26.0
2025-12-05 14:04:09,254 [INFO] ThirdParty:1030 - CMSIS Pack Vendor :STMicroelectronics X-CUBE-STSE01 1.0.0
2025-12-05 14:04:09,254 [INFO] ThirdParty:1030 - CMSIS Pack Vendor :STMicroelectronics X-CUBE-ST67W61 1.0.0
2025-12-05 14:04:09,254 [INFO] ThirdParty:1030 - CMSIS Pack Vendor :STMicroelectronics FP-SNS-STBOX1 2.1.0
2025-12-05 14:04:09,254 [INFO] ThirdParty:1030 - CMSIS Pack Vendor :STMicroelectronics X-CUBE-AI 10.2.0
2025-12-05 14:04:09,254 [INFO] ThirdParty:1030 - CMSIS Pack Vendor :STMicroelectronics FP-SNS-STAIOTCFT 1.0.0
2025-12-05 14:04:09,254 [INFO] ThirdParty:1030 - CMSIS Pack Vendor :STMicroelectronics ThreadX 1.0.0
2025-12-05 14:04:09,254 [INFO] ThirdParty:1030 - CMSIS Pack Vendor :STMicroelectronics FP-SNS-SMARTAG2 1.2.0
2025-12-05 14:04:09,254 [INFO] ThirdParty:1030 - CMSIS Pack Vendor :STMicroelectronics FP-SNS-FLIGHT1 5.1.0
2025-12-05 14:04:09,254 [INFO] ThirdParty:1030 - CMSIS Pack Vendor :STMicroelectronics X-CUBE-AZRTOS-WL 2.0.0
2025-12-05 14:04:09,254 [INFO] ThirdParty:1030 - CMSIS Pack Vendor :SEGGER I-CUBE-embOS 1.3.1
2025-12-05 14:04:09,255 [INFO] ThirdParty:1030 - CMSIS Pack Vendor :STMicroelectronics X-CUBE-ALGOBUILD 1.4.0
2025-12-05 14:04:09,255 [INFO] ThirdParty:1030 - CMSIS Pack Vendor :STMicroelectronics X-CUBE-DPower 1.3.0
2025-12-05 14:04:09,255 [INFO] ThirdParty:1030 - CMSIS Pack Vendor :STMicroelectronics X-CUBE-MEMS1 11.3.0
2025-12-05 14:04:09,255 [INFO] ThirdParty:1030 - CMSIS Pack Vendor :STMicroelectronics FP-SNS-MOTENV1 5.0.0
2025-12-05 14:04:09,255 [INFO] ThirdParty:1030 - CMSIS Pack Vendor :STMicroelectronics USB_DEVICE 1.0.0
2025-12-05 14:04:09,255 [INFO] ThirdParty:1030 - CMSIS Pack Vendor :STMicroelectronics X-CUBE-AZRTOS-H7RS 1.2.0
2025-12-05 14:04:09,255 [INFO] ThirdParty:1030 - CMSIS Pack Vendor :STMicroelectronics X-CUBE-AZRTOS-L4 2.0.0
2025-12-05 14:04:09,255 [INFO] ThirdParty:1030 - CMSIS Pack Vendor :STMicroelectronics ThreadX 0.0.2
2025-12-05 14:04:09,255 [INFO] ThirdParty:1030 - CMSIS Pack Vendor :STMicroelectronics lwIP 2.1.2
2025-12-05 14:04:09,255 [INFO] ThirdParty:1030 - CMSIS Pack Vendor :STMicroelectronics X-CUBE-SFXS2LP1 4.0.0
2025-12-05 14:04:09,255 [INFO] ThirdParty:1030 - CMSIS Pack Vendor :STMicroelectronics X-CUBE-BLE2 3.3.0
2025-12-05 14:04:09,255 [INFO] ThirdParty:1030 - CMSIS Pack Vendor :Avnet-IOTCONNECT X-CUBE-iotc-st67-sdk 1.0.0
2025-12-05 14:04:09,255 [INFO] ThirdParty:1030 - CMSIS Pack Vendor :STMicroelectronics X-CUBE-TOF1 3.4.3
2025-12-05 14:04:09,255 [INFO] ThirdParty:1030 - CMSIS Pack Vendor :STMicroelectronics PDM2PCM 3.2.0
2025-12-05 14:04:09,261 [INFO] ThirdParty:841 - exiting critical section [change project]
2025-12-05 14:04:12,137 [INFO] PinOutPanel:1589 - setPackage(No Configuration,No Configuration)
2025-12-05 14:04:12,159 [INFO] PinOutPanel:1589 - setPackage(STM32L476RGTx,LQFP64)
2025-12-05 14:04:15,695 [INFO] UtilMem:75 - Before build in PCC Used Memory: 819934008 Bytes (1073741824)
2025-12-05 14:04:17,789 [INFO] UtilMem:75 - After build in PCC Used Memory: 902249272 Bytes (1073741824)
2025-12-05 14:04:18,017 [INFO] IPUIPlugin:80 - create IPUIPlugin
2025-12-05 14:04:18,019 [INFO] IPUIPlugin:80 - create IPUIPlugin
2025-12-05 14:04:18,020 [INFO] IPUIPlugin:80 - create IPUIPlugin
2025-12-05 14:04:18,023 [INFO] IPUIPlugin:80 - create IPUIPlugin
2025-12-05 14:04:18,023 [INFO] IPUIPlugin:80 - create IPUIPlugin
2025-12-05 14:04:18,024 [INFO] IPUIPlugin:80 - create IPUIPlugin
2025-12-05 14:04:18,024 [INFO] IPUIPlugin:80 - create IPUIPlugin
2025-12-05 14:04:18,025 [INFO] IPUIPlugin:80 - create IPUIPlugin
2025-12-05 14:04:18,026 [INFO] IPUIPlugin:80 - create IPUIPlugin
2025-12-05 14:04:18,026 [INFO] IPUIPlugin:80 - create IPUIPlugin
2025-12-05 14:04:18,033 [INFO] IPUIPlugin:80 - create IPUIPlugin
2025-12-05 14:04:18,035 [INFO] IPUIPlugin:80 - create IPUIPlugin
2025-12-05 14:04:18,037 [INFO] IPUIPlugin:80 - create IPUIPlugin
2025-12-05 14:04:18,038 [INFO] IPUIPlugin:80 - create IPUIPlugin
2025-12-05 14:04:18,039 [INFO] IPUIPlugin:80 - create IPUIPlugin
2025-12-05 14:04:18,039 [INFO] IPUIPlugin:80 - create IPUIPlugin
2025-12-05 14:04:18,040 [INFO] IPUIPlugin:80 - create IPUIPlugin
2025-12-05 14:04:18,040 [INFO] IPUIPlugin:80 - create IPUIPlugin
2025-12-05 14:04:18,041 [INFO] IPUIPlugin:80 - create IPUIPlugin
2025-12-05 14:04:18,041 [INFO] IPUIPlugin:80 - create IPUIPlugin
2025-12-05 14:04:18,041 [INFO] IPUIPlugin:80 - create IPUIPlugin
2025-12-05 14:04:18,042 [INFO] IPUIPlugin:80 - create IPUIPlugin
2025-12-05 14:04:18,042 [INFO] IPUIPlugin:80 - create IPUIPlugin
2025-12-05 14:04:18,042 [INFO] IPUIPlugin:80 - create IPUIPlugin
2025-12-05 14:04:18,043 [INFO] IPUIPlugin:80 - create IPUIPlugin
2025-12-05 14:04:18,043 [INFO] IPUIPlugin:80 - create IPUIPlugin
2025-12-05 14:04:18,043 [INFO] IPUIPlugin:80 - create IPUIPlugin
2025-12-05 14:04:18,043 [INFO] IPUIPlugin:80 - create IPUIPlugin
2025-12-05 14:04:18,044 [INFO] IPUIPlugin:80 - create IPUIPlugin
2025-12-05 14:04:18,044 [INFO] IPUIPlugin:80 - create IPUIPlugin
2025-12-05 14:04:18,044 [INFO] IPUIPlugin:80 - create IPUIPlugin
2025-12-05 14:04:18,045 [INFO] IPUIPlugin:80 - create IPUIPlugin
2025-12-05 14:04:18,045 [INFO] IPUIPlugin:80 - create IPUIPlugin
2025-12-05 14:04:18,045 [INFO] IPUIPlugin:80 - create IPUIPlugin
2025-12-05 14:04:18,046 [INFO] IPUIPlugin:80 - create IPUIPlugin
2025-12-05 14:04:18,046 [INFO] IPUIPlugin:80 - create IPUIPlugin
2025-12-05 14:04:18,047 [INFO] IPUIPlugin:80 - create IPUIPlugin
2025-12-05 14:04:18,047 [INFO] IPUIPlugin:80 - create IPUIPlugin
2025-12-05 14:04:18,047 [INFO] IPUIPlugin:80 - create IPUIPlugin
2025-12-05 14:04:18,047 [INFO] IPUIPlugin:80 - create IPUIPlugin
2025-12-05 14:04:18,047 [INFO] IPUIPlugin:80 - create IPUIPlugin
2025-12-05 14:04:18,048 [INFO] IPUIPlugin:80 - create IPUIPlugin
2025-12-05 14:04:18,048 [INFO] IPUIPlugin:80 - create IPUIPlugin
2025-12-05 14:04:18,048 [INFO] IPUIPlugin:80 - create IPUIPlugin
2025-12-05 14:04:18,048 [INFO] IPUIPlugin:80 - create IPUIPlugin
2025-12-05 14:04:18,048 [INFO] IPUIPlugin:80 - create IPUIPlugin
2025-12-05 14:04:18,049 [INFO] IPUIPlugin:80 - create IPUIPlugin
2025-12-05 14:04:18,049 [INFO] IPUIPlugin:80 - create IPUIPlugin
2025-12-05 14:04:18,049 [INFO] IPUIPlugin:80 - create IPUIPlugin
2025-12-05 14:04:18,049 [INFO] IPUIPlugin:80 - create IPUIPlugin
2025-12-05 14:04:18,050 [INFO] IPUIPlugin:80 - create IPUIPlugin
2025-12-05 14:04:18,050 [INFO] IPUIPlugin:80 - create IPUIPlugin
2025-12-05 14:04:18,050 [INFO] IPUIPlugin:80 - create IPUIPlugin
2025-12-05 14:04:18,051 [INFO] IPUIPlugin:80 - create IPUIPlugin
2025-12-05 14:04:18,051 [INFO] IPUIPlugin:80 - create IPUIPlugin
2025-12-05 14:04:18,052 [INFO] IPUIPlugin:80 - create IPUIPlugin
2025-12-05 14:04:18,052 [INFO] IPUIPlugin:80 - create IPUIPlugin
2025-12-05 14:04:18,053 [INFO] IPUIPlugin:80 - create IPUIPlugin
2025-12-05 14:04:18,053 [INFO] IPUIPlugin:80 - create IPUIPlugin
2025-12-05 14:04:18,313 [INFO] CADModel:165 - CPN selected for project levelSTM32L476RGT3
2025-12-05 14:04:18,313 [INFO] CADModel:114 - Register for checkConnection events
2025-12-05 14:04:18,380 [INFO] OpenFileManager:386 - Restore cursor
2025-12-05 14:04:27,429 [INFO] ADCParametersView:116 -                Rank 1 : false
2025-12-05 14:04:27,578 [INFO] ADCParametersView:116 -                Rank 1 : false
2025-12-05 14:04:27,580 [INFO] ADCParametersView:116 -                Rank 1 : false
2025-12-05 14:04:27,580 [INFO] ADCParametersView:116 -                Rank 1 : false
2025-12-05 14:04:27,581 [INFO] ADCParametersView:116 -                Rank 1 : false
2025-12-05 14:04:27,581 [INFO] ADCParametersView:116 -                Rank 1 : false
2025-12-05 14:04:27,582 [INFO] ADCParametersView:116 -                Rank 1 : false
2025-12-05 14:04:27,582 [INFO] ADCParametersView:116 -                Rank 1 : false
2025-12-05 14:04:27,583 [INFO] ADCParametersView:116 -                Rank 1 : false
2025-12-05 14:04:27,584 [INFO] ADCParametersView:116 -                Rank 1 : false
2025-12-05 14:04:27,585 [INFO] ADCParametersView:116 -                Rank 1 : false
2025-12-05 14:04:27,586 [INFO] ADCParametersView:116 -                Rank 1 : false
2025-12-05 14:04:27,587 [INFO] ADCParametersView:116 -                Rank 1 : false
2025-12-05 14:04:27,587 [INFO] ADCParametersView:116 -                Rank 1 : false
2025-12-05 14:04:27,588 [INFO] ADCParametersView:116 -                Rank 1 : false
2025-12-05 14:04:27,588 [INFO] ADCParametersView:116 -                Rank 1 : false
2025-12-05 14:04:27,588 [INFO] ADCParametersView:116 -                Rank 1 : false
2025-12-05 14:04:27,589 [INFO] ADCParametersView:116 -                Rank 1 : false
2025-12-05 14:04:27,589 [INFO] ADCParametersView:116 -                Rank 1 : false
2025-12-05 14:04:27,589 [INFO] ADCParametersView:116 -                Rank 1 : false
2025-12-05 14:04:27,589 [INFO] ADCParametersView:116 -                Rank 1 : false
2025-12-05 14:04:27,683 [INFO] ADCParametersView:116 -                Rank 1 : false
2025-12-05 14:04:27,745 [INFO] NvicIntPanel:101 - NVIC parent = com.st.microxplorer.plugins.ip.nvic.MultiNvicIntPanel[,0,0,0x0,invalid,layout=javax.swing.BoxLayout,alignmentX=0.0,alignmentY=0.0,border=,flags=9,maximumSize=,minimumSize=,preferredSize=]
2025-12-05 14:09:23,855 [INFO] NvicIntPanel:101 - NVIC parent = com.st.microxplorer.plugins.ip.nvic.MultiNvicIntPanel[,0,0,0x0,invalid,layout=javax.swing.BoxLayout,alignmentX=0.0,alignmentY=0.0,border=,flags=9,maximumSize=,minimumSize=,preferredSize=]
2025-12-05 14:09:33,800 [INFO] NvicIntPanel:101 - NVIC parent = com.st.microxplorer.plugins.ip.nvic.MultiNvicIntPanel[,0,0,0x0,invalid,layout=javax.swing.BoxLayout,alignmentX=0.0,alignmentY=0.0,border=,flags=9,maximumSize=,minimumSize=,preferredSize=]
2025-12-05 14:09:51,677 [INFO] UtilMem:75 - End SaveConfig() Used Memory: 764072200 Bytes (1073741824)
2025-12-05 14:11:50,769 [INFO] NvicIntPanel:101 - NVIC parent = com.st.microxplorer.plugins.ip.nvic.MultiNvicIntPanel[,0,0,0x0,invalid,layout=javax.swing.BoxLayout,alignmentX=0.0,alignmentY=0.0,border=,flags=9,maximumSize=,minimumSize=,preferredSize=]
2025-12-05 14:11:59,883 [INFO] UtilMem:75 - End SaveConfig() Used Memory: 754636296 Bytes (1073741824)
2025-12-05 14:12:09,419 [INFO] NvicIntPanel:101 - NVIC parent = com.st.microxplorer.plugins.ip.nvic.MultiNvicIntPanel[,0,0,0x0,invalid,layout=javax.swing.BoxLayout,alignmentX=0.0,alignmentY=0.0,border=,flags=9,maximumSize=,minimumSize=,preferredSize=]
2025-12-05 14:12:14,256 [INFO] UtilMem:75 - End SaveConfig() Used Memory: 829607432 Bytes (1073741824)
2025-12-05 15:02:54,392 [INFO] WebApp:194 - Connection lost
2025-12-05 15:18:45,937 [INFO] WebApp:191 - Connection restablished
2025-12-05 15:20:48,207 [INFO] WebApp:194 - Connection lost
2025-12-05 15:23:26,460 [INFO] WebApp:191 - Connection restablished
2025-12-05 16:53:39,986 [INFO] WebApp:194 - Connection lost
2025-12-05 17:06:10,084 [INFO] WebApp:191 - Connection restablished
2025-12-05 17:11:02,472 [INFO] WebApp:194 - Connection lost
2025-12-05 17:11:04,952 [INFO] WebApp:191 - Connection restablished
2025-12-05 18:13:05,775 [INFO] WebApp:194 - Connection lost
2025-12-05 18:39:34,586 [INFO] WebApp:191 - Connection restablished
2025-12-05 19:09:10,294 [INFO] NvicIntPanel:101 - NVIC parent = com.st.microxplorer.plugins.ip.nvic.MultiNvicIntPanel[,0,0,0x0,invalid,layout=javax.swing.BoxLayout,alignmentX=0.0,alignmentY=0.0,border=,flags=9,maximumSize=,minimumSize=,preferredSize=]
2025-12-05 19:14:18,112 [INFO] NvicIntPanel:101 - NVIC parent = com.st.microxplorer.plugins.ip.nvic.MultiNvicIntPanel[,0,0,0x0,invalid,layout=javax.swing.BoxLayout,alignmentX=0.0,alignmentY=0.0,border=,flags=9,maximumSize=,minimumSize=,preferredSize=]
2025-12-05 19:15:37,343 [INFO] NvicIntPanel:101 - NVIC parent = com.st.microxplorer.plugins.ip.nvic.MultiNvicIntPanel[,0,0,0x0,invalid,layout=javax.swing.BoxLayout,alignmentX=0.0,alignmentY=0.0,border=,flags=9,maximumSize=,minimumSize=,preferredSize=]
2025-12-05 19:18:11,157 [INFO] UtilMem:75 - End SaveConfig() Used Memory: 976105472 Bytes (1073741824)
